2017-06-05 14:38:50.178 INFO  App:68 - [name : id labore ex et quam laborum, email : Eliseo@gardner.biz, name : quo vero reiciendis velit similique earum, email : Jayne_Kuhic@sydney.com, name : odio adipisci rerum aut animi, email : Nikita@garfield.biz, name : alias odio sit, email : Lew@alysha.tv, name : vero eaque aliquid doloribus et culpa, email : Hayden@althea.biz]
2017-06-05 14:49:20.864 INFO  App:36 - GET : [name : id labore ex et quam laborum, email : Eliseo@gardner.biz, name : quo vero reiciendis velit similique earum, email : Jayne_Kuhic@sydney.com, name : odio adipisci rerum aut animi, email : Nikita@garfield.biz, name : alias odio sit, email : Lew@alysha.tv, name : vero eaque aliquid doloribus et culpa, email : Hayden@althea.biz]
2017-06-05 14:49:21.600 INFO  App:59 - POST : 101
2017-06-05 14:50:05.456 INFO  App:36 - GET : [name : id labore ex et quam laborum, email : Eliseo@gardner.biz, name : quo vero reiciendis velit similique earum, email : Jayne_Kuhic@sydney.com, name : odio adipisci rerum aut animi, email : Nikita@garfield.biz, name : alias odio sit, email : Lew@alysha.tv, name : vero eaque aliquid doloribus et culpa, email : Hayden@althea.biz]
2017-06-05 14:50:06.222 INFO  App:59 - POST : 101
2017-06-05 14:50:27.538 INFO  App:36 - GET : [name : id labore ex et quam laborum, email : Eliseo@gardner.biz, name : quo vero reiciendis velit similique earum, email : Jayne_Kuhic@sydney.com, name : odio adipisci rerum aut animi, email : Nikita@garfield.biz, name : alias odio sit, email : Lew@alysha.tv, name : vero eaque aliquid doloribus et culpa, email : Hayden@althea.biz]
2017-06-05 14:50:28.360 INFO  App:59 - POST : 101
2017-06-05 14:51:00.602 INFO  App:36 - GET : [name : id labore ex et quam laborum, email : Eliseo@gardner.biz, body : laudantium enim quasi est quidem magnam voluptate ipsam eos
tempora quo necessitatibus
dolor quam autem quasi
reiciendis et nam sapiente accusantium, name : quo vero reiciendis velit similique earum, email : Jayne_Kuhic@sydney.com, body : est natus enim nihil est dolore omnis voluptatem numquam
et omnis occaecati quod ullam at
voluptatem error expedita pariatur
nihil sint nostrum voluptatem reiciendis et, name : odio adipisci rerum aut animi, email : Nikita@garfield.biz, body : quia molestiae reprehenderit quasi aspernatur
aut expedita occaecati aliquam eveniet laudantium
omnis quibusdam delectus saepe quia accusamus maiores nam est
cum et ducimus et vero voluptates excepturi deleniti ratione, name : alias odio sit, email : Lew@alysha.tv, body : non et atque
occaecati deserunt quas accusantium unde odit nobis qui voluptatem
quia voluptas consequuntur itaque dolor
et qui rerum deleniti ut occaecati, name : vero eaque aliquid doloribus et culpa, email : Hayden@althea.biz, body : harum non quasi et ratione
tempore iure ex voluptates in ratione
harum architecto fugit inventore cupiditate
voluptates magni quo et]
2017-06-05 14:51:01.300 INFO  App:59 - POST : 101
2017-06-14 11:33:10.987 INFO  App:41 - GET : [name : id labore ex et quam laborum, email : Eliseo@gardner.biz, body : laudantium enim quasi est quidem magnam voluptate ipsam eos
tempora quo necessitatibus
dolor quam autem quasi
reiciendis et nam sapiente accusantium, name : quo vero reiciendis velit similique earum, email : Jayne_Kuhic@sydney.com, body : est natus enim nihil est dolore omnis voluptatem numquam
et omnis occaecati quod ullam at
voluptatem error expedita pariatur
nihil sint nostrum voluptatem reiciendis et, name : odio adipisci rerum aut animi, email : Nikita@garfield.biz, body : quia molestiae reprehenderit quasi aspernatur
aut expedita occaecati aliquam eveniet laudantium
omnis quibusdam delectus saepe quia accusamus maiores nam est
cum et ducimus et vero voluptates excepturi deleniti ratione, name : alias odio sit, email : Lew@alysha.tv, body : non et atque
occaecati deserunt quas accusantium unde odit nobis qui voluptatem
quia voluptas consequuntur itaque dolor
et qui rerum deleniti ut occaecati, name : vero eaque aliquid doloribus et culpa, email : Hayden@althea.biz, body : harum non quasi et ratione
tempore iure ex voluptates in ratione
harum architecto fugit inventore cupiditate
voluptates magni quo et]
2017-06-14 11:33:30.002 INFO  App:69 - GET : [name : id labore ex et quam laborum, email : Eliseo@gardner.biz, body : laudantium enim quasi est quidem magnam voluptate ipsam eos
tempora quo necessitatibus
dolor quam autem quasi
reiciendis et nam sapiente accusantium, name : quo vero reiciendis velit similique earum, email : Jayne_Kuhic@sydney.com, body : est natus enim nihil est dolore omnis voluptatem numquam
et omnis occaecati quod ullam at
voluptatem error expedita pariatur
nihil sint nostrum voluptatem reiciendis et, name : odio adipisci rerum aut animi, email : Nikita@garfield.biz, body : quia molestiae reprehenderit quasi aspernatur
aut expedita occaecati aliquam eveniet laudantium
omnis quibusdam delectus saepe quia accusamus maiores nam est
cum et ducimus et vero voluptates excepturi deleniti ratione, name : alias odio sit, email : Lew@alysha.tv, body : non et atque
occaecati deserunt quas accusantium unde odit nobis qui voluptatem
quia voluptas consequuntur itaque dolor
et qui rerum deleniti ut occaecati, name : vero eaque aliquid doloribus et culpa, email : Hayden@althea.biz, body : harum non quasi et ratione
tempore iure ex voluptates in ratione
harum architecto fugit inventore cupiditate
voluptates magni quo et]
2017-06-14 11:33:30.692 INFO  App:92 - POST : 101
