2017-07-31 14:57:25.706 [main] INFO  PluginsService:174 - no modules loaded
2017-07-31 14:57:25.716 [main] INFO  PluginsService:177 - loaded plugin [org.elasticsearch.index.reindex.ReindexPlugin]
2017-07-31 14:57:25.717 [main] INFO  PluginsService:177 - loaded plugin [org.elasticsearch.percolator.PercolatorPlugin]
2017-07-31 14:57:25.717 [main] INFO  PluginsService:177 - loaded plugin [org.elasticsearch.script.mustache.MustachePlugin]
2017-07-31 14:57:25.718 [main] INFO  PluginsService:177 - loaded plugin [org.elasticsearch.transport.Netty3Plugin]
2017-07-31 14:57:25.718 [main] INFO  PluginsService:177 - loaded plugin [org.elasticsearch.transport.Netty4Plugin]
2017-07-31 15:48:27.233 [main] INFO  PluginsService:174 - no modules loaded
2017-07-31 15:48:27.243 [main] INFO  PluginsService:177 - loaded plugin [org.elasticsearch.index.reindex.ReindexPlugin]
2017-07-31 15:48:27.244 [main] INFO  PluginsService:177 - loaded plugin [org.elasticsearch.percolator.PercolatorPlugin]
2017-07-31 15:48:27.244 [main] INFO  PluginsService:177 - loaded plugin [org.elasticsearch.script.mustache.MustachePlugin]
2017-07-31 15:48:27.245 [main] INFO  PluginsService:177 - loaded plugin [org.elasticsearch.transport.Netty3Plugin]
2017-07-31 15:48:27.245 [main] INFO  PluginsService:177 - loaded plugin [org.elasticsearch.transport.Netty4Plugin]
2017-07-31 15:50:20.728 [main] INFO  PluginsService:174 - no modules loaded
2017-07-31 15:50:20.734 [main] INFO  PluginsService:177 - loaded plugin [org.elasticsearch.index.reindex.ReindexPlugin]
2017-07-31 15:50:20.735 [main] INFO  PluginsService:177 - loaded plugin [org.elasticsearch.percolator.PercolatorPlugin]
2017-07-31 15:50:20.735 [main] INFO  PluginsService:177 - loaded plugin [org.elasticsearch.script.mustache.MustachePlugin]
2017-07-31 15:50:20.735 [main] INFO  PluginsService:177 - loaded plugin [org.elasticsearch.transport.Netty3Plugin]
2017-07-31 15:50:20.735 [main] INFO  PluginsService:177 - loaded plugin [org.elasticsearch.transport.Netty4Plugin]
2017-07-31 15:52:29.048 [main] INFO  PluginsService:174 - no modules loaded
2017-07-31 15:52:29.055 [main] INFO  PluginsService:177 - loaded plugin [org.elasticsearch.index.reindex.ReindexPlugin]
2017-07-31 15:52:29.055 [main] INFO  PluginsService:177 - loaded plugin [org.elasticsearch.percolator.PercolatorPlugin]
2017-07-31 15:52:29.056 [main] INFO  PluginsService:177 - loaded plugin [org.elasticsearch.script.mustache.MustachePlugin]
2017-07-31 15:52:29.056 [main] INFO  PluginsService:177 - loaded plugin [org.elasticsearch.transport.Netty3Plugin]
2017-07-31 15:52:29.056 [main] INFO  PluginsService:177 - loaded plugin [org.elasticsearch.transport.Netty4Plugin]
2017-07-31 15:54:22.810 [main] INFO  PluginsService:174 - no modules loaded
2017-07-31 15:54:22.818 [main] INFO  PluginsService:177 - loaded plugin [org.elasticsearch.index.reindex.ReindexPlugin]
2017-07-31 15:54:22.819 [main] INFO  PluginsService:177 - loaded plugin [org.elasticsearch.percolator.PercolatorPlugin]
2017-07-31 15:54:22.819 [main] INFO  PluginsService:177 - loaded plugin [org.elasticsearch.script.mustache.MustachePlugin]
2017-07-31 15:54:22.820 [main] INFO  PluginsService:177 - loaded plugin [org.elasticsearch.transport.Netty3Plugin]
2017-07-31 15:54:22.820 [main] INFO  PluginsService:177 - loaded plugin [org.elasticsearch.transport.Netty4Plugin]
2017-07-31 15:55:37.813 [main] INFO  PluginsService:174 - no modules loaded
2017-07-31 15:55:37.820 [main] INFO  PluginsService:177 - loaded plugin [org.elasticsearch.index.reindex.ReindexPlugin]
2017-07-31 15:55:37.821 [main] INFO  PluginsService:177 - loaded plugin [org.elasticsearch.percolator.PercolatorPlugin]
2017-07-31 15:55:37.822 [main] INFO  PluginsService:177 - loaded plugin [org.elasticsearch.script.mustache.MustachePlugin]
2017-07-31 15:55:37.822 [main] INFO  PluginsService:177 - loaded plugin [org.elasticsearch.transport.Netty3Plugin]
2017-07-31 15:55:37.822 [main] INFO  PluginsService:177 - loaded plugin [org.elasticsearch.transport.Netty4Plugin]
2017-07-31 15:57:00.200 [main] INFO  PluginsService:174 - no modules loaded
2017-07-31 15:57:00.207 [main] INFO  PluginsService:177 - loaded plugin [org.elasticsearch.index.reindex.ReindexPlugin]
2017-07-31 15:57:00.208 [main] INFO  PluginsService:177 - loaded plugin [org.elasticsearch.percolator.PercolatorPlugin]
2017-07-31 15:57:00.208 [main] INFO  PluginsService:177 - loaded plugin [org.elasticsearch.script.mustache.MustachePlugin]
2017-07-31 15:57:00.208 [main] INFO  PluginsService:177 - loaded plugin [org.elasticsearch.transport.Netty3Plugin]
2017-07-31 15:57:00.209 [main] INFO  PluginsService:177 - loaded plugin [org.elasticsearch.transport.Netty4Plugin]
