2017-06-22 09:52:34.228 ERROR App:44 - fail to load org.sqlite.JDBC org.sqlite.JDBC
2017-06-22 09:54:41.893 ERROR App:44 - fail to load org.sqlite.JDBC org.sqlite.JDBC
2017-06-22 09:55:26.970 ERROR App:44 - fail to load org.sqlite.JDBC org.sqlite.JDBC
2017-06-22 09:56:42.764 ERROR App:18 - fail to load org.sqlite.JDBC org.sqlite.JDBC
2017-06-22 09:58:36.467 ERROR App:16 - load org.sqlite.JDBC
2017-06-22 11:06:14.998 INFO  App:41 - fail to insert -1
2017-06-22 11:09:43.526 INFO  App:38 - ret 1
2017-06-22 11:10:04.706 INFO  App:38 - ret 1
2017-06-22 11:10:07.178 INFO  App:42 - ret 1
2017-06-22 11:16:54.745 INFO  App:39 - ret 1
2017-06-22 11:16:54.776 INFO  App:43 - ret 1
2017-06-22 11:16:54.778 INFO  App:54 - id 1 name Raw Materials2 capacity 3000.0
2017-06-22 11:16:54.779 INFO  App:54 - id 2 name Raw Materials capacity 3000.0
2017-06-22 11:16:54.780 INFO  App:54 - id 3 name Raw Materials capacity 3000.0
2017-06-22 11:16:54.781 INFO  App:54 - id 4 name Raw Materials capacity 3000.0
2017-06-22 11:16:54.781 INFO  App:54 - id 5 name Raw Materials capacity 3000.0
2017-06-22 11:34:34.253 INFO  App:48 - ret 1
2017-06-22 11:34:34.276 INFO  App:51 - ret 1
2017-06-22 11:34:34.278 INFO  App:61 - id 1 name Raw Materials capacity 3000.0
2017-06-22 11:34:34.278 INFO  App:61 - id 2 name Raw Materials capacity 3000.0
2017-06-22 11:34:34.279 INFO  App:70 - update ret 0
2017-06-22 11:36:38.851 INFO  App:47 - ret 1
2017-06-22 11:36:38.879 INFO  App:50 - ret 1
2017-06-22 11:36:38.900 INFO  App:53 - ret 1
2017-06-22 11:36:38.901 INFO  App:63 - id 1 name MBC capacity 3000.0
2017-06-22 11:36:38.902 INFO  App:63 - id 2 name KBS capacity 4000.0
2017-06-22 11:36:38.902 INFO  App:63 - id 3 name SBS capacity 5000.0
2017-06-22 11:36:38.903 INFO  App:72 - update ret 0
2017-06-22 11:37:43.694 INFO  App:47 - ret 1
2017-06-22 11:37:43.720 INFO  App:50 - ret 1
2017-06-22 11:37:43.740 INFO  App:53 - ret 1
2017-06-22 11:37:43.741 INFO  App:63 - id 1 name MBC capacity 3000.0
2017-06-22 11:37:43.742 INFO  App:63 - id 2 name KBS capacity 4000.0
2017-06-22 11:37:43.742 INFO  App:63 - id 3 name SBS capacity 5000.0
2017-06-22 11:37:43.767 INFO  App:72 - update ret 1
2017-06-22 11:56:43.842 INFO  App:44 - ret 1
2017-06-22 11:56:43.869 INFO  App:47 - ret 1
2017-06-22 11:56:43.888 INFO  App:50 - ret 1
2017-06-22 11:56:43.890 INFO  App:60 - id 1 name MBC capacity 3000.0
2017-06-22 11:56:43.890 INFO  App:60 - id 2 name KBS capacity 4000.0
2017-06-22 11:56:43.890 INFO  App:60 - id 3 name SBS capacity 5000.0
2017-06-22 11:56:43.914 INFO  App:69 - update ret 1
2017-06-22 11:56:43.915 INFO  App:79 - update2 ret 0
2017-06-22 11:57:28.671 INFO  App:44 - ret 1
2017-06-22 11:57:28.695 INFO  App:47 - ret 1
2017-06-22 11:57:28.720 INFO  App:50 - ret 1
2017-06-22 11:57:28.722 INFO  App:60 - id 1 name MBC capacity 3000.0
2017-06-22 11:57:28.722 INFO  App:60 - id 2 name KBS capacity 4000.0
2017-06-22 11:57:28.722 INFO  App:60 - id 3 name SBS capacity 5000.0
2017-06-22 11:57:28.740 INFO  App:69 - update ret 1
2017-06-22 11:57:28.741 INFO  App:79 - update2 ret 0
2017-06-22 11:58:03.311 INFO  App:44 - ret 1
2017-06-22 11:58:03.333 INFO  App:47 - ret 1
2017-06-22 11:58:03.355 INFO  App:50 - ret 1
2017-06-22 11:58:03.357 INFO  App:60 - id 1 name MBC capacity 3000.0
2017-06-22 11:58:03.358 INFO  App:60 - id 2 name KBS capacity 4000.0
2017-06-22 11:58:03.358 INFO  App:60 - id 3 name SBS capacity 5000.0
2017-06-22 11:58:03.379 INFO  App:69 - update ret 1
2017-06-22 11:58:03.381 INFO  App:79 - update2 ret 0
2017-06-22 11:58:34.514 INFO  App:44 - ret 1
2017-06-22 11:58:34.537 INFO  App:47 - ret 1
2017-06-22 11:58:34.556 INFO  App:50 - ret 1
2017-06-22 11:58:34.558 INFO  App:60 - id 1 name MBC capacity 3000.0
2017-06-22 11:58:34.558 INFO  App:60 - id 2 name KBS capacity 4000.0
2017-06-22 11:58:34.559 INFO  App:60 - id 3 name SBS capacity 5000.0
2017-06-22 11:58:34.579 INFO  App:69 - update ret 1
2017-06-22 11:58:34.581 INFO  App:79 - update2 ret 0
2017-06-22 11:58:54.039 INFO  App:44 - ret 1
2017-06-22 11:58:54.072 INFO  App:47 - ret 1
2017-06-22 11:58:54.094 INFO  App:50 - ret 1
2017-06-22 11:58:54.096 INFO  App:60 - id 1 name MBC capacity 3000.0
2017-06-22 11:58:54.096 INFO  App:60 - id 2 name KBS capacity 4000.0
2017-06-22 11:58:54.096 INFO  App:60 - id 3 name SBS capacity 5000.0
2017-06-22 11:58:54.115 INFO  App:69 - update ret 1
2017-06-22 11:59:49.588 INFO  App:79 - update2 ret 0
2017-06-22 11:59:54.156 INFO  App:44 - ret 1
2017-06-22 11:59:54.178 INFO  App:47 - ret 1
2017-06-22 11:59:54.202 INFO  App:50 - ret 1
2017-06-22 11:59:54.203 INFO  App:60 - id 1 name MBC capacity 3000.0
2017-06-22 11:59:54.204 INFO  App:60 - id 2 name KBS capacity 4000.0
2017-06-22 11:59:54.204 INFO  App:60 - id 3 name SBS capacity 5000.0
2017-06-22 11:59:54.223 INFO  App:69 - update ret 1
2017-06-22 12:05:19.436 INFO  App:79 - update2 ret 0
2017-06-22 12:12:10.231 INFO  App:44 - ret 1
2017-06-22 12:12:10.253 INFO  App:47 - ret 1
2017-06-22 12:12:10.273 INFO  App:50 - ret 1
2017-06-22 12:12:10.274 INFO  App:60 - id 1 name MBC capacity 3000.0
2017-06-22 12:12:10.274 INFO  App:60 - id 2 name KBS capacity 4000.0
2017-06-22 12:12:10.275 INFO  App:60 - id 3 name SBS capacity 5000.0
2017-06-22 12:12:10.294 INFO  App:69 - update ret 1
2017-06-22 12:12:15.640 INFO  App:85 - elapsed time 5345 (msec)
2017-06-22 12:12:54.846 INFO  App:44 - ret 1
2017-06-22 12:12:54.873 INFO  App:47 - ret 1
2017-06-22 12:12:54.893 INFO  App:50 - ret 1
2017-06-22 12:12:54.895 INFO  App:60 - id 1 name MBC capacity 3000.0
2017-06-22 12:12:54.895 INFO  App:60 - id 2 name KBS capacity 4000.0
2017-06-22 12:12:54.895 INFO  App:60 - id 3 name SBS capacity 5000.0
2017-06-22 12:12:54.918 INFO  App:69 - update ret 1
2017-06-22 12:12:56.041 INFO  App:85 - elapsed time 1123 (msec)
2017-06-22 12:20:37.330 INFO  App:47 - ret 1
2017-06-22 12:20:37.357 INFO  App:50 - ret 1
2017-06-22 12:20:37.378 INFO  App:53 - ret 1
2017-06-22 12:21:54.616 INFO  App:60 - fail to insert null
2017-06-22 12:21:59.487 INFO  App:47 - ret 1
2017-06-22 12:21:59.511 INFO  App:50 - ret 1
2017-06-22 12:21:59.533 INFO  App:53 - ret 1
2017-06-22 12:22:28.246 INFO  App:60 - fail to insert null
2017-06-22 12:22:36.227 INFO  App:47 - ret 1
2017-06-22 12:22:36.254 INFO  App:50 - ret 1
2017-06-22 12:22:36.276 INFO  App:53 - ret 1
2017-06-22 12:27:03.113 INFO  App:60 - fail to insert null
2017-06-22 12:27:10.049 INFO  App:49 - ret 1
2017-06-22 12:27:10.079 INFO  App:52 - ret 1
2017-06-22 12:27:10.106 INFO  App:55 - ret 1
2017-06-22 12:32:36.248 INFO  App:50 - ret 1
2017-06-22 12:32:36.273 INFO  App:53 - ret 1
2017-06-22 12:32:36.294 INFO  App:56 - ret 1
2017-06-22 12:32:44.191 INFO  App:70 - id 1 name MBC capacity 3000.0
2017-06-22 12:33:24.161 INFO  App:75 - fail to select no such column: 'log'
2017-06-22 12:33:30.668 INFO  App:50 - ret 1
2017-06-22 12:33:30.693 INFO  App:53 - ret 1
2017-06-22 12:33:30.716 INFO  App:56 - ret 1
2017-06-22 12:33:33.997 INFO  App:70 - id 1 name MBC capacity 3000.0
2017-06-22 12:33:33.998 INFO  App:70 - id 2 name KBS capacity 4000.0
2017-06-22 12:33:33.999 INFO  App:70 - id 3 name SBS capacity 5000.0
2017-06-22 12:33:33.999 INFO  App:70 - id 4 name LOEN capacity 7000.0
2017-06-22 12:33:37.270 INFO  App:77 - fail to select no such column: 'log'
2017-06-22 12:34:26.955 INFO  App:50 - ret 1
2017-06-22 12:34:26.981 INFO  App:53 - ret 1
2017-06-22 12:34:27.003 INFO  App:56 - ret 1
2017-06-22 12:34:30.270 INFO  App:70 - id 1 name MBC capacity 3000.0
2017-06-22 12:34:30.270 INFO  App:70 - id 2 name KBS capacity 4000.0
2017-06-22 12:34:30.271 INFO  App:70 - id 3 name SBS capacity 5000.0
2017-06-22 12:34:30.271 INFO  App:70 - id 4 name LOEN capacity 7000.0
2017-06-22 13:28:03.947 INFO  LocalStorageSample:26 - 5 => jtbc
2017-06-22 13:28:18.807 INFO  LocalStorageSample:26 - 5 => jtbc
2017-06-22 13:28:18.839 INFO  LocalStorageSample:29 - 5 => 
2017-06-22 13:28:44.351 INFO  LocalStorageSample:26 - 5 => jtbc
2017-06-22 13:28:44.378 INFO  LocalStorageSample:29 - 5 => 
2017-06-22 13:30:04.457 INFO  LocalStorageSample:28 - 5 => jtbc
2017-06-22 13:30:04.488 INFO  LocalStorageSample:31 - 5 => 
2017-06-22 13:33:08.209 INFO  LocalStorageSample:28 - 5 => jtbc
2017-06-22 13:33:08.237 INFO  LocalStorageSample:31 - 5 => 
2017-06-22 13:33:51.782 INFO  LocalStorageSample:28 - 5 => jtbc
2017-06-22 13:33:51.832 INFO  LocalStorageSample:31 - 5 => 
2017-06-22 13:40:39.642 INFO  LocalStorageSample:28 - 5 => jtbc
2017-06-22 13:40:39.666 INFO  LocalStorageSample:31 - 5 => 
2017-06-22 13:47:20.919 INFO  LocalStorageSample:28 - 5 => jtbc
2017-06-22 13:47:20.946 INFO  LocalStorageSample:31 - 5 => 
2017-06-22 13:50:37.031 INFO  LocalStorageSample:28 - 5 => jtbc
2017-06-22 13:50:37.057 INFO  LocalStorageSample:31 - 5 => 
2017-06-22 13:51:28.807 INFO  LocalStorageSample:28 - 5 => jtbc
2017-06-22 13:51:28.839 INFO  LocalStorageSample:31 - 5 => 
2017-06-22 13:51:33.275 INFO  LocalStorageSample:40 - key 3 value kbs
2017-06-22 13:51:33.275 INFO  LocalStorageSample:40 - key 4 value ebs
2017-06-22 13:51:33.279 INFO  LocalStorageSample:40 - key 6 value tvn
2017-06-22 13:52:08.744 INFO  LocalStorageSample:28 - 5 => jtbc
2017-06-22 13:52:08.769 INFO  LocalStorageSample:31 - 5 => 
2017-06-22 13:52:12.524 INFO  LocalStorageSample:40 - key 3 value kbs
2017-06-22 13:52:12.525 INFO  LocalStorageSample:40 - key 4 value ebs
2017-06-22 13:52:12.531 INFO  LocalStorageSample:40 - key 6 value tvn
