2017-08-24 14:19:39.027 INFO  App:14 - start foo
2017-08-24 14:19:40.033 INFO  App:16 - finish foo
2017-08-24 14:19:40.041 INFO  App:21 - start bar
2017-08-24 14:19:41.543 INFO  App:23 - finish bar
2017-08-24 14:19:41.545 INFO  App:34 - foo
2017-08-24 14:19:41.545 INFO  App:35 - bar
2017-08-24 14:21:02.957 INFO  App:14 - start foo
2017-08-24 14:21:03.963 INFO  App:16 - finish foo
2017-08-24 14:21:03.979 INFO  App:21 - start bar
2017-08-24 14:21:05.496 INFO  App:23 - finish bar
2017-08-24 14:21:05.497 INFO  App:28 - start zoo
2017-08-24 14:21:06.198 INFO  App:30 - finish zoo
2017-08-24 14:21:06.202 INFO  App:42 - foo
2017-08-24 14:21:06.203 INFO  App:43 - bar
2017-08-24 14:21:06.203 INFO  App:44 - zoo
2017-08-24 14:44:40.589 INFO  App:58 - start foo
2017-08-24 14:44:40.593 INFO  App:58 - start bar
2017-08-24 14:44:40.652 INFO  App:58 - start zoo
2017-08-24 14:44:41.357 INFO  App:62 - start zoo
2017-08-24 14:44:41.600 INFO  App:62 - start foo
2017-08-24 14:44:42.110 INFO  App:62 - start bar
2017-08-24 14:44:42.111 INFO  App:75 - foo
2017-08-24 14:44:42.111 INFO  App:76 - bar
2017-08-24 14:44:42.112 INFO  App:77 - zoo
2017-08-24 14:51:19.762 INFO  App:35 - 동기방식 CompletableFuture 예제 시작
2017-08-24 14:51:19.767 INFO  App:13 - start foo
2017-08-24 14:51:20.768 INFO  App:15 - finish foo
2017-08-24 14:51:20.773 INFO  App:20 - start bar
2017-08-24 14:51:22.278 INFO  App:22 - finish bar
2017-08-24 14:51:22.290 INFO  App:27 - start zoo
2017-08-24 14:51:22.992 INFO  App:29 - finish zoo
2017-08-24 14:51:22.994 INFO  App:41 - 동기방식 CompletableFuture 작업 대기
2017-08-24 14:51:22.995 INFO  App:43 - 동기방식 CompletableFuture 작업 종료
2017-08-24 14:51:22.995 INFO  App:45 - foo
2017-08-24 14:51:22.998 INFO  App:46 - bar
2017-08-24 14:51:23.002 INFO  App:47 - zoo
2017-08-24 14:51:23.003 INFO  App:49 - 동기방식 CompletableFuture 예제 종료
2017-08-24 14:51:54.978 INFO  AsyncCompletableFutureSample:14 - 비동기방식 CompletableFuture 예제 시작
2017-08-24 14:51:54.995 INFO  AsyncCompletableFutureSample:19 - 비동기방식 CompletableFuture 작업 대기
2017-08-24 14:51:55.005 INFO  TaskSupplier:21 - start foo
2017-08-24 14:51:55.007 INFO  TaskSupplier:21 - start bar
2017-08-24 14:51:55.026 INFO  TaskSupplier:21 - start zoo
2017-08-24 14:51:55.733 INFO  TaskSupplier:25 - finish zoo
2017-08-24 14:51:56.010 INFO  TaskSupplier:25 - finish foo
2017-08-24 14:51:56.513 INFO  TaskSupplier:25 - finish bar
2017-08-24 14:51:56.514 INFO  AsyncCompletableFutureSample:21 - 비동기방식 CompletableFuture 작업 종료
2017-08-24 14:51:56.514 INFO  AsyncCompletableFutureSample:23 - foo
2017-08-24 14:51:56.515 INFO  AsyncCompletableFutureSample:24 - bar
2017-08-24 14:51:56.515 INFO  AsyncCompletableFutureSample:25 - zoo
2017-08-24 14:51:56.517 INFO  AsyncCompletableFutureSample:26 - 비동기방식 CompletableFuture 예제 종료
2017-08-24 14:53:23.141 INFO  App:35 - 동기방식 CompletableFuture 예제 시작
2017-08-24 14:53:23.152 INFO  App:13 - start foo
2017-08-24 14:53:24.154 INFO  App:15 - finish foo
2017-08-24 14:53:24.158 INFO  App:20 - start bar
2017-08-24 14:53:25.661 INFO  App:22 - finish bar
2017-08-24 14:53:25.668 INFO  App:27 - start zoo
2017-08-24 14:53:26.369 INFO  App:29 - finish zoo
2017-08-24 14:53:26.369 INFO  App:41 - 동기방식 CompletableFuture 작업 대기
2017-08-24 14:53:26.370 INFO  App:43 - 동기방식 CompletableFuture 작업 종료
2017-08-24 14:53:26.370 INFO  App:45 - foo
2017-08-24 14:53:26.371 INFO  App:46 - bar
2017-08-24 14:53:26.371 INFO  App:47 - zoo
2017-08-24 14:53:26.372 INFO  App:49 - 동기방식 CompletableFuture 예제 종료
2017-08-24 14:53:26.372 INFO  App:13 - ===============================================================
2017-08-24 14:53:26.374 INFO  AsyncCompletableFutureSample:14 - 비동기방식 CompletableFuture 예제 시작
2017-08-24 14:53:26.384 INFO  AsyncCompletableFutureSample:19 - 비동기방식 CompletableFuture 작업 대기
2017-08-24 14:53:26.385 INFO  TaskSupplier:21 - start foo
2017-08-24 14:53:26.388 INFO  TaskSupplier:21 - start bar
2017-08-24 14:53:26.390 INFO  TaskSupplier:21 - start zoo
2017-08-24 14:53:27.093 INFO  TaskSupplier:25 - finish zoo
2017-08-24 14:53:27.388 INFO  TaskSupplier:25 - finish foo
2017-08-24 14:53:27.890 INFO  TaskSupplier:25 - finish bar
2017-08-24 14:53:27.891 INFO  AsyncCompletableFutureSample:21 - 비동기방식 CompletableFuture 작업 종료
2017-08-24 14:53:27.891 INFO  AsyncCompletableFutureSample:23 - foo
2017-08-24 14:53:27.891 INFO  AsyncCompletableFutureSample:24 - bar
2017-08-24 14:53:27.892 INFO  AsyncCompletableFutureSample:25 - zoo
2017-08-24 14:53:27.892 INFO  AsyncCompletableFutureSample:26 - 비동기방식 CompletableFuture 예제 종료
2017-08-24 14:59:01.588 INFO  App:35 - Thread 1 동기방식 CompletableFuture 예제 시작
2017-08-24 14:59:01.591 INFO  App:13 - Thread 1 Start foo
2017-08-24 14:59:02.592 INFO  App:15 - Thread 1 Finish foo
2017-08-24 14:59:02.598 INFO  App:20 - Thread 1 Start bar
2017-08-24 14:59:04.101 INFO  App:22 - Thread 1 Finish bar
2017-08-24 14:59:04.107 INFO  App:27 - Thread 1 Start zoo
2017-08-24 14:59:04.808 INFO  App:29 - Thread 1 Finish zoo
2017-08-24 14:59:04.809 INFO  App:41 - Thread 1 동기방식 CompletableFuture 작업 대기
2017-08-24 14:59:04.809 INFO  App:43 - Thread 1 동기방식 CompletableFuture 작업 종료
2017-08-24 14:59:04.810 INFO  App:45 - foo
2017-08-24 14:59:04.810 INFO  App:46 - bar
2017-08-24 14:59:04.811 INFO  App:47 - zoo
2017-08-24 14:59:04.811 INFO  App:49 - Thread 1 동기방식 CompletableFuture 예제 종료
2017-08-24 14:59:04.812 INFO  App:13 - Thread 1 ===================================================================
2017-08-24 14:59:04.816 INFO  AsyncCompletableFutureSample:14 - Thread 1 비동기방식 CompletableFuture 예제 시작
2017-08-24 14:59:04.823 INFO  AsyncCompletableFutureSample:19 - Thread 1 비동기방식 CompletableFuture 작업 대기
2017-08-24 14:59:04.825 INFO  TaskSupplier:21 - Thread 13 Start foo
2017-08-24 14:59:04.829 INFO  TaskSupplier:21 - Thread 15 Start bar
2017-08-24 14:59:04.832 INFO  TaskSupplier:21 - Thread 14 Start zoo
2017-08-24 14:59:05.538 INFO  TaskSupplier:25 - Thread 14 Finish zoo
2017-08-24 14:59:05.827 INFO  TaskSupplier:25 - Thread 13 Finish foo
2017-08-24 14:59:06.336 INFO  TaskSupplier:25 - Thread 15 Finish bar
2017-08-24 14:59:06.337 INFO  AsyncCompletableFutureSample:21 - Thread 1 비동기방식 CompletableFuture 작업 종료
2017-08-24 14:59:06.338 INFO  AsyncCompletableFutureSample:23 - foo
2017-08-24 14:59:06.338 INFO  AsyncCompletableFutureSample:24 - bar
2017-08-24 14:59:06.338 INFO  AsyncCompletableFutureSample:25 - zoo
2017-08-24 14:59:06.339 INFO  AsyncCompletableFutureSample:26 - Thread 1 비동기방식 CompletableFuture 예제 종료
2017-08-24 15:19:36.569 INFO  AsyncCompletableFutureSample:36 - Thread 1 비동기방식 CompletableFuture 예제 시작
2017-08-24 15:19:36.584 INFO  AsyncCompletableFutureSample:41 - Thread 1 비동기방식 CompletableFuture 작업 대기
2017-08-24 15:19:36.595 INFO  AsyncCompletableFutureSample:26 - Thread 14 Start foo
2017-08-24 15:19:36.622 INFO  AsyncCompletableFutureSample:26 - Thread 13 Start bar
2017-08-24 15:19:36.631 INFO  AsyncCompletableFutureSample:26 - Thread 15 Start zoo
2017-08-24 15:19:37.333 INFO  AsyncCompletableFutureSample:30 - Thread 15 Finish zoo
2017-08-24 15:19:37.614 INFO  AsyncCompletableFutureSample:30 - Thread 14 Finish foo
2017-08-24 15:19:38.138 INFO  AsyncCompletableFutureSample:30 - Thread 13 Finish bar
2017-08-24 15:19:38.149 INFO  AsyncCompletableFutureSample:43 - Thread 1 비동기방식 CompletableFuture 작업 종료
2017-08-24 15:19:38.150 INFO  AsyncCompletableFutureSample:45 - foo
2017-08-24 15:19:38.150 INFO  AsyncCompletableFutureSample:46 - bar
2017-08-24 15:19:38.151 INFO  AsyncCompletableFutureSample:47 - zoo
2017-08-24 15:19:38.151 INFO  AsyncCompletableFutureSample:48 - Thread 1 비동기방식 CompletableFuture 예제 종료
2017-08-24 15:20:17.219 INFO  CompletableFutureSample:35 - Thread 1 동기방식 CompletableFuture 예제 시작
2017-08-24 15:20:17.224 INFO  CompletableFutureSample:13 - Thread 1 Start foo
2017-08-24 15:20:18.224 INFO  CompletableFutureSample:15 - Thread 1 Finish foo
2017-08-24 15:20:18.235 INFO  CompletableFutureSample:20 - Thread 1 Start bar
2017-08-24 15:20:19.738 INFO  CompletableFutureSample:22 - Thread 1 Finish bar
2017-08-24 15:20:19.738 INFO  CompletableFutureSample:27 - Thread 1 Start zoo
2017-08-24 15:20:20.443 INFO  CompletableFutureSample:29 - Thread 1 Finish zoo
2017-08-24 15:20:20.443 INFO  CompletableFutureSample:41 - Thread 1 동기방식 CompletableFuture 작업 대기
2017-08-24 15:20:20.444 INFO  CompletableFutureSample:43 - Thread 1 동기방식 CompletableFuture 작업 종료
2017-08-24 15:20:20.444 INFO  CompletableFutureSample:45 - foo
2017-08-24 15:20:20.444 INFO  CompletableFutureSample:46 - bar
2017-08-24 15:20:20.445 INFO  CompletableFutureSample:47 - zoo
2017-08-24 15:20:20.446 INFO  CompletableFutureSample:49 - Thread 1 동기방식 CompletableFuture 예제 종료
2017-08-24 15:23:33.511 INFO  AsyncCompletableFutureSample:35 - Thread 1 비동기방식 CompletableFuture 예제 시작
2017-08-24 15:23:33.526 INFO  AsyncCompletableFutureSample:40 - Thread 1 비동기방식 CompletableFuture 작업 대기
2017-08-24 15:23:33.533 INFO  AsyncCompletableFutureSample:25 - Thread 14 Start foo
2017-08-24 15:23:33.534 INFO  AsyncCompletableFutureSample:25 - Thread 13 Start bar
2017-08-24 15:23:33.541 INFO  AsyncCompletableFutureSample:25 - Thread 15 Start zoo
2017-08-24 15:23:34.242 INFO  AsyncCompletableFutureSample:29 - Thread 15 Finish zoo
2017-08-24 15:23:34.555 INFO  AsyncCompletableFutureSample:29 - Thread 14 Finish foo
2017-08-24 15:23:35.039 INFO  AsyncCompletableFutureSample:29 - Thread 13 Finish bar
2017-08-24 15:23:35.061 INFO  AsyncCompletableFutureSample:42 - Thread 1 비동기방식 CompletableFuture 작업 종료
2017-08-24 15:23:35.064 INFO  AsyncCompletableFutureSample:44 - foo
2017-08-24 15:23:35.064 INFO  AsyncCompletableFutureSample:45 - bar
2017-08-24 15:23:35.065 INFO  AsyncCompletableFutureSample:46 - zoo
2017-08-24 15:23:35.067 INFO  AsyncCompletableFutureSample:47 - Thread 1 비동기방식 CompletableFuture 예제 종료
2017-08-31 15:34:26.007 INFO  AsyncCompletableFutureSample:64 - Thread 1 비동기방식 CompletableFuture 예제 시작
2017-08-31 15:34:26.077 INFO  AsyncCompletableFutureSample:75 - Thread 1 비동기방식 CompletableFuture 작업 대기
2017-08-31 15:37:00.109 INFO  AsyncCompletableFutureSample:69 - Thread 1 비동기방식 CompletableFuture 예제 시작
2017-08-31 15:37:00.140 INFO  AsyncCompletableFutureSample:80 - Thread 1 비동기방식 CompletableFuture 작업 대기
2017-08-31 15:37:00.143 INFO  AsyncCompletableFutureSample:28 - Thread 14 Start foo
2017-08-31 15:40:47.265 INFO  AsyncCompletableFutureSample:54 - Thread 1 비동기방식 CompletableFuture 예제 시작
2017-08-31 15:40:47.300 INFO  AsyncCompletableFutureSample:65 - Thread 1 비동기방식 CompletableFuture 작업 대기
2017-08-31 15:40:47.314 INFO  AsyncCompletableFutureSample:28 - Thread 13 Start foo
2017-08-31 15:40:47.321 INFO  AsyncCompletableFutureSample:28 - Thread 14 Start bar
2017-08-31 15:40:47.374 INFO  AsyncCompletableFutureSample:28 - Thread 15 Start zoo
2017-08-31 15:40:47.511 INFO  AsyncCompletableFutureSample:73 - Thread 1 비동기방식 CompletableFuture 작업 종료
2017-08-31 15:40:48.076 INFO  AsyncCompletableFutureSample:32 - Thread 15 Finish zoo
2017-08-31 15:40:48.315 INFO  AsyncCompletableFutureSample:32 - Thread 13 Finish foo
2017-08-31 15:40:48.317 INFO  AsyncCompletableFutureSample:75 - foo
2017-08-31 15:40:48.841 INFO  AsyncCompletableFutureSample:32 - Thread 14 Finish bar
2017-08-31 15:40:48.860 INFO  AsyncCompletableFutureSample:76 - bar
2017-08-31 15:40:48.860 INFO  AsyncCompletableFutureSample:77 - zoo
2017-08-31 15:40:48.861 INFO  AsyncCompletableFutureSample:78 - Thread 1 비동기방식 CompletableFuture 예제 종료
2017-08-31 15:43:34.197 INFO  AsyncCompletableFutureSample:54 - Thread 1 비동기방식 CompletableFuture 예제 시작
2017-08-31 15:43:34.214 INFO  AsyncCompletableFutureSample:65 - Thread 1 비동기방식 CompletableFuture 작업 대기
2017-08-31 15:43:34.217 INFO  AsyncCompletableFutureSample:28 - Thread 14 Start bar
2017-08-31 15:43:34.221 INFO  AsyncCompletableFutureSample:28 - Thread 13 Start foo
2017-08-31 15:43:34.241 INFO  AsyncCompletableFutureSample:28 - Thread 15 Start zoo
2017-08-31 15:43:34.366 INFO  AsyncCompletableFutureSample:73 - Thread 1 비동기방식 CompletableFuture 작업 종료
2017-08-31 15:43:34.946 INFO  AsyncCompletableFutureSample:32 - Thread 15 Finish zoo
2017-08-31 15:43:35.226 INFO  AsyncCompletableFutureSample:32 - Thread 13 Finish foo
2017-08-31 15:43:35.718 INFO  AsyncCompletableFutureSample:32 - Thread 14 Finish bar
2017-08-31 15:43:35.756 INFO  AsyncCompletableFutureSample:78 - foo
2017-08-31 15:43:35.757 INFO  AsyncCompletableFutureSample:78 - bar
2017-08-31 15:43:35.757 INFO  AsyncCompletableFutureSample:78 - zoo
2017-08-31 15:43:35.758 INFO  AsyncCompletableFutureSample:86 - Thread 1 비동기방식 CompletableFuture 예제 종료
2017-08-31 15:44:06.759 INFO  AsyncCompletableFutureSample:54 - Thread 1 비동기방식 CompletableFuture 예제 시작
2017-08-31 15:44:06.771 INFO  AsyncCompletableFutureSample:65 - Thread 1 비동기방식 CompletableFuture 작업 대기
2017-08-31 15:44:06.804 INFO  AsyncCompletableFutureSample:28 - Thread 13 Start foo
2017-08-31 15:44:06.827 INFO  AsyncCompletableFutureSample:28 - Thread 15 Start bar
2017-08-31 15:44:06.902 INFO  AsyncCompletableFutureSample:73 - Thread 1 비동기방식 CompletableFuture 작업 종료
2017-08-31 15:44:06.926 INFO  AsyncCompletableFutureSample:28 - Thread 14 Start zoo
2017-08-31 15:44:07.704 INFO  AsyncCompletableFutureSample:32 - Thread 14 Finish zoo
2017-08-31 15:44:07.808 INFO  AsyncCompletableFutureSample:32 - Thread 13 Finish foo
2017-08-31 15:44:08.332 INFO  AsyncCompletableFutureSample:32 - Thread 15 Finish bar
2017-08-31 15:44:08.346 INFO  AsyncCompletableFutureSample:78 - foo
2017-08-31 15:44:08.346 INFO  AsyncCompletableFutureSample:78 - bar
2017-08-31 15:44:08.347 INFO  AsyncCompletableFutureSample:78 - zoo
2017-08-31 15:44:08.348 INFO  AsyncCompletableFutureSample:86 - Thread 1 비동기방식 CompletableFuture 예제 종료
2017-08-31 15:45:07.497 INFO  AsyncCompletableFutureSample:54 - Thread 1 비동기방식 CompletableFuture 예제 시작
2017-08-31 15:45:07.514 INFO  AsyncCompletableFutureSample:65 - Thread 1 비동기방식 CompletableFuture 작업 대기
2017-08-31 15:45:07.515 INFO  AsyncCompletableFutureSample:28 - Thread 13 Start bar
2017-08-31 15:45:07.516 INFO  AsyncCompletableFutureSample:28 - Thread 14 Start foo
2017-08-31 15:45:07.563 INFO  AsyncCompletableFutureSample:28 - Thread 15 Start zoo
2017-08-31 15:45:07.622 INFO  AsyncCompletableFutureSample:73 - Thread 1 비동기방식 CompletableFuture 작업 종료
2017-08-31 15:45:08.265 INFO  AsyncCompletableFutureSample:32 - Thread 15 Finish zoo
2017-08-31 15:45:08.527 INFO  AsyncCompletableFutureSample:32 - Thread 14 Finish foo
2017-08-31 15:45:08.533 INFO  AsyncCompletableFutureSample:75 - foo
2017-08-31 15:45:09.016 INFO  AsyncCompletableFutureSample:32 - Thread 13 Finish bar
2017-08-31 15:45:09.017 INFO  AsyncCompletableFutureSample:76 - bar
2017-08-31 15:45:09.018 INFO  AsyncCompletableFutureSample:77 - zoo
2017-08-31 15:45:09.020 INFO  AsyncCompletableFutureSample:79 - Thread 1 비동기방식 CompletableFuture 예제 종료
2017-08-31 15:46:21.758 INFO  AsyncCompletableFutureSample:54 - Thread 1 비동기방식 CompletableFuture 예제 시작
2017-08-31 15:46:21.778 INFO  AsyncCompletableFutureSample:65 - Thread 1 비동기방식 CompletableFuture 작업 대기
2017-08-31 15:46:21.837 INFO  AsyncCompletableFutureSample:28 - Thread 14 Start foo
2017-08-31 15:46:21.882 INFO  AsyncCompletableFutureSample:73 - Thread 1 비동기방식 CompletableFuture 작업 종료
2017-08-31 15:46:21.895 INFO  AsyncCompletableFutureSample:28 - Thread 15 Start bar
2017-08-31 15:46:21.896 INFO  AsyncCompletableFutureSample:28 - Thread 13 Start zoo
2017-08-31 15:46:22.603 INFO  AsyncCompletableFutureSample:32 - Thread 13 Finish zoo
2017-08-31 15:46:22.839 INFO  AsyncCompletableFutureSample:32 - Thread 14 Finish foo
2017-08-31 15:46:23.399 INFO  AsyncCompletableFutureSample:32 - Thread 15 Finish bar
2017-08-31 15:46:23.462 INFO  AsyncCompletableFutureSample:77 - foo
2017-08-31 15:46:23.463 INFO  AsyncCompletableFutureSample:77 - bar
2017-08-31 15:46:23.463 INFO  AsyncCompletableFutureSample:77 - zoo
2017-08-31 15:46:23.464 INFO  AsyncCompletableFutureSample:81 - Thread 1 비동기방식 CompletableFuture 예제 종료
