2017-06-08 15:29:51 INFO  AnnotationConfigApplicationContext:582 - Refreshing org.springframework.context.annotation.AnnotationConfigApplicationContext@5f9d02cb: startup date [Thu Jun 08 15:29:51 KST 2017]; root of context hierarchy
2017-06-08 15:29:51 INFO  XmlBeanDefinitionReader:317 - Loading XML bean definitions from class path resource [app-config.xml]
2017-06-08 15:29:52 INFO  AspectObject:17 - Create AspectObject
2017-06-08 15:29:52 INFO  AspectObject:95 - onAllClassAllMethod someObject 실행 전 
2017-06-08 15:29:52 INFO  AspectObject:97 - onAllClassAllMethod someObject 실행 후 
2017-06-08 15:29:53 INFO  AspectObject:95 - onAllClassAllMethod doSomething 실행 전 
2017-06-08 15:29:53 INFO  AspectObject:44 - onAroundDoSomeMethod doSomething 실행 전 
2017-06-08 15:29:53 INFO  AspectObject:27 - onAroundDoSomeMethod doSomething 실행 전 
2017-06-08 15:29:53 INFO  SomeObject:11 - SomeObject => do something
2017-06-08 15:29:53 INFO  AspectObject:29 - onAroundDoSomeMethod doSomething 실행 후 
2017-06-08 15:29:53 INFO  AspectObject:46 - onAroundDoSomeMethod doSomething 실행 후 
2017-06-08 15:29:53 INFO  AspectObject:97 - onAllClassAllMethod doSomething 실행 후 
2017-06-08 15:29:53 INFO  AspectObject:95 - onAllClassAllMethod printName 실행 전 
2017-06-08 15:29:53 INFO  AspectObject:78 - onDummyObjectAllMethod printName 실행 전 
2017-06-08 15:29:53 INFO  AspectObject:61 - onDummyObjectPrintNameMethod printName 실행 전 
2017-06-08 15:29:53 INFO  DummyObject:21 - DummyObject => name james
2017-06-08 15:29:53 INFO  AspectObject:63 - onDummyObjectPrintNameMethod printName 실행 후 
2017-06-08 15:29:53 INFO  AspectObject:80 - onDummyObjectAllMethod printName 실행 후 
2017-06-08 15:29:53 INFO  AspectObject:97 - onAllClassAllMethod printName 실행 후 
2017-07-24 09:26:24 INFO  AnnotationConfigApplicationContext:582 - Refreshing org.springframework.context.annotation.AnnotationConfigApplicationContext@76ccd017: startup date [Mon Jul 24 09:26:24 KST 2017]; root of context hierarchy
2017-07-24 09:26:24 INFO  XmlBeanDefinitionReader:317 - Loading XML bean definitions from class path resource [app-config.xml]
2017-07-24 09:26:28 INFO  AspectObject:17 - Create AspectObject
2017-07-24 09:26:28 INFO  AspectObject:95 - onAllClassAllMethod someObject 실행 전 
2017-07-24 09:26:28 INFO  AspectObject:97 - onAllClassAllMethod someObject 실행 후 
2017-07-24 09:26:28 INFO  AspectObject:95 - onAllClassAllMethod doSomething 실행 전 
2017-07-24 09:26:28 INFO  AspectObject:44 - onAroundDoSomeMethod doSomething 실행 전 
2017-07-24 09:26:28 INFO  AspectObject:27 - onAroundDoSomeMethod doSomething 실행 전 
2017-07-24 09:26:28 INFO  SomeObject:11 - SomeObject => do something
2017-07-24 09:26:28 INFO  AspectObject:29 - onAroundDoSomeMethod doSomething 실행 후 
2017-07-24 09:26:28 INFO  AspectObject:46 - onAroundDoSomeMethod doSomething 실행 후 
2017-07-24 09:26:28 INFO  AspectObject:97 - onAllClassAllMethod doSomething 실행 후 
2017-07-24 09:26:28 INFO  AspectObject:95 - onAllClassAllMethod printName 실행 전 
2017-07-24 09:26:28 INFO  AspectObject:78 - onDummyObjectAllMethod printName 실행 전 
2017-07-24 09:26:28 INFO  AspectObject:61 - onDummyObjectPrintNameMethod printName 실행 전 
2017-07-24 09:26:28 INFO  DummyObject:21 - DummyObject => name james
2017-07-24 09:26:28 INFO  AspectObject:63 - onDummyObjectPrintNameMethod printName 실행 후 
2017-07-24 09:26:28 INFO  AspectObject:80 - onDummyObjectAllMethod printName 실행 후 
2017-07-24 09:26:28 INFO  AspectObject:97 - onAllClassAllMethod printName 실행 후 
2017-07-24 13:53:15 INFO  AnnotationConfigApplicationContext:582 - Refreshing org.springframework.context.annotation.AnnotationConfigApplicationContext@5f9d02cb: startup date [Mon Jul 24 13:53:15 KST 2017]; root of context hierarchy
2017-07-24 13:53:15 INFO  XmlBeanDefinitionReader:317 - Loading XML bean definitions from class path resource [app-config.xml]
2017-07-24 13:53:18 INFO  AspectObject:20 - Create AspectObject
2017-07-24 13:53:18 INFO  AspectObject:113 - onAllClassAllMethod someObject 실행 전 
2017-07-24 13:53:18 INFO  AspectObject:115 - onAllClassAllMethod someObject 실행 후 
2017-07-24 13:53:18 INFO  AspectObject:113 - onAllClassAllMethod doSomething 실행 전 
2017-07-24 13:53:18 INFO  AspectObject:47 - onAroundDoSomeMethod doSomething 실행 전 
2017-07-24 13:53:18 INFO  AspectObject:30 - onAroundDoSomeMethod doSomething 실행 전 
2017-07-24 13:53:18 INFO  SomeObject:11 - SomeObject => do something
2017-07-24 13:53:18 INFO  AspectObject:32 - onAroundDoSomeMethod doSomething 실행 후 
2017-07-24 13:53:18 INFO  AspectObject:49 - onAroundDoSomeMethod doSomething 실행 후 
2017-07-24 13:53:18 INFO  AspectObject:115 - onAllClassAllMethod doSomething 실행 후 
2017-07-24 13:53:18 INFO  AspectObject:113 - onAllClassAllMethod printName 실행 전 
2017-07-24 13:53:18 INFO  AspectObject:96 - onDummyObjectAllMethod printName 실행 전 
2017-07-24 13:53:18 INFO  AspectObject:66 - method name printName
2017-07-24 13:53:18 INFO  AspectObject:71 - onDummyObjectPrintNameMethod printName 실행 전 
2017-07-24 13:53:18 INFO  DummyObject:21 - DummyObject => name james
2017-07-24 13:53:18 INFO  AspectObject:81 - onDummyObjectPrintNameMethod printName 실행 후 
2017-07-24 13:53:18 INFO  AspectObject:98 - onDummyObjectAllMethod printName 실행 후 
2017-07-24 13:53:18 INFO  AspectObject:115 - onAllClassAllMethod printName 실행 후 
2017-07-24 13:53:18 INFO  AspectObject:113 - onAllClassAllMethod printName 실행 전 
2017-07-24 13:53:18 INFO  AspectObject:96 - onDummyObjectAllMethod printName 실행 전 
2017-07-24 13:53:18 INFO  AspectObject:66 - method name printName
2017-07-24 13:53:18 INFO  AspectObject:71 - onDummyObjectPrintNameMethod printName 실행 전 
2017-07-24 13:53:22 INFO  AspectObject:77 - arg james dean
2017-07-24 13:53:22 INFO  DummyObject:25 - DummyObject => name 2 james dean
2017-07-24 13:53:22 INFO  AspectObject:81 - onDummyObjectPrintNameMethod printName 실행 후 
2017-07-24 13:53:22 INFO  AspectObject:98 - onDummyObjectAllMethod printName 실행 후 
2017-07-24 13:53:22 INFO  AspectObject:115 - onAllClassAllMethod printName 실행 후 
2018-03-29 21:02:00 INFO  AnnotationConfigApplicationContext:582 - Refreshing org.springframework.context.annotation.AnnotationConfigApplicationContext@527740a2: startup date [Thu Mar 29 21:02:00 KST 2018]; root of context hierarchy
2018-03-29 21:02:00 INFO  XmlBeanDefinitionReader:317 - Loading XML bean definitions from class path resource [app-config.xml]
2018-03-29 21:02:02 INFO  AspectObject:20 - Create AspectObject
2018-03-29 21:02:02 INFO  AspectObject:113 - onAllClassAllMethod performanceMonitorAdvisor 실행 전 
2018-03-29 21:02:02 INFO  AspectObject:113 - onAllClassAllMethod appPerfMonitorInterceptor 실행 전 
2018-03-29 21:02:02 INFO  AspectObject:115 - onAllClassAllMethod appPerfMonitorInterceptor 실행 후 
2018-03-29 21:02:02 INFO  AspectObject:115 - onAllClassAllMethod performanceMonitorAdvisor 실행 후 
2018-03-29 21:02:02 WARN  AnnotationConfigApplicationContext:550 - Exception encountered during context initialization - cancelling refresh attempt: org.springframework.beans.factory.BeanCreationException: Error creating bean with name 'org.springframework.context.event.internalEventListenerProcessor': Initialization of bean failed; nested exception is java.lang.IllegalArgumentException: Pointcut is not well-formed: expecting 'identifier' at character position 0
* com.exaop.DummyObject.printName(..)
^

2018-03-29 21:03:46 INFO  AnnotationConfigApplicationContext:582 - Refreshing org.springframework.context.annotation.AnnotationConfigApplicationContext@527740a2: startup date [Thu Mar 29 21:03:46 KST 2018]; root of context hierarchy
2018-03-29 21:03:46 INFO  XmlBeanDefinitionReader:317 - Loading XML bean definitions from class path resource [app-config.xml]
2018-03-29 21:03:47 INFO  AspectObject:20 - Create AspectObject
2018-03-29 21:03:47 INFO  AspectObject:113 - onAllClassAllMethod performanceMonitorAdvisor 실행 전 
2018-03-29 21:03:47 INFO  AspectObject:113 - onAllClassAllMethod appPerfMonitorInterceptor 실행 전 
2018-03-29 21:03:47 INFO  AspectObject:115 - onAllClassAllMethod appPerfMonitorInterceptor 실행 후 
2018-03-29 21:03:47 INFO  AspectObject:115 - onAllClassAllMethod performanceMonitorAdvisor 실행 후 
2018-03-29 21:03:47 INFO  AspectObject:113 - onAllClassAllMethod someObject 실행 전 
2018-03-29 21:03:47 INFO  AspectObject:115 - onAllClassAllMethod someObject 실행 후 
2018-03-29 21:03:47 INFO  AspectObject:113 - onAllClassAllMethod doSomething 실행 전 
2018-03-29 21:03:47 INFO  AspectObject:47 - onAroundDoSomeMethod doSomething 실행 전 
2018-03-29 21:03:47 INFO  AspectObject:30 - onAroundDoSomeMethod doSomething 실행 전 
2018-03-29 21:03:47 INFO  SomeObject:11 - SomeObject => do something
2018-03-29 21:03:47 INFO  AspectObject:32 - onAroundDoSomeMethod doSomething 실행 후 
2018-03-29 21:03:47 INFO  AspectObject:49 - onAroundDoSomeMethod doSomething 실행 후 
2018-03-29 21:03:47 INFO  AspectObject:115 - onAllClassAllMethod doSomething 실행 후 
2018-03-29 21:03:47 INFO  AspectObject:113 - onAllClassAllMethod printName 실행 전 
2018-03-29 21:03:47 INFO  AspectObject:96 - onDummyObjectAllMethod printName 실행 전 
2018-03-29 21:03:47 INFO  AspectObject:66 - method name printName
2018-03-29 21:03:47 INFO  AspectObject:71 - onDummyObjectPrintNameMethod printName 실행 전 
2018-03-29 21:03:47 INFO  DummyObject:21 - DummyObject => name james
2018-03-29 21:03:47 INFO  AspectObject:81 - onDummyObjectPrintNameMethod printName 실행 후 
2018-03-29 21:03:47 INFO  AspectObject:98 - onDummyObjectAllMethod printName 실행 후 
2018-03-29 21:03:47 INFO  AspectObject:115 - onAllClassAllMethod printName 실행 후 
2018-03-29 21:03:47 INFO  AspectObject:113 - onAllClassAllMethod printName 실행 전 
2018-03-29 21:03:47 INFO  AspectObject:96 - onDummyObjectAllMethod printName 실행 전 
2018-03-29 21:03:47 INFO  AspectObject:66 - method name printName
2018-03-29 21:03:47 INFO  AspectObject:71 - onDummyObjectPrintNameMethod printName 실행 전 
2018-03-29 21:03:47 INFO  AspectObject:77 - arg james dean
2018-03-29 21:03:47 INFO  DummyObject:25 - DummyObject => name 2 james dean
2018-03-29 21:03:47 INFO  AspectObject:81 - onDummyObjectPrintNameMethod printName 실행 후 
2018-03-29 21:03:47 INFO  AspectObject:98 - onDummyObjectAllMethod printName 실행 후 
2018-03-29 21:03:47 INFO  AspectObject:115 - onAllClassAllMethod printName 실행 후 
2018-03-29 21:04:42 INFO  AnnotationConfigApplicationContext:582 - Refreshing org.springframework.context.annotation.AnnotationConfigApplicationContext@527740a2: startup date [Thu Mar 29 21:04:42 KST 2018]; root of context hierarchy
2018-03-29 21:04:42 INFO  XmlBeanDefinitionReader:317 - Loading XML bean definitions from class path resource [app-config.xml]
2018-03-29 21:04:43 INFO  AspectObject:20 - Create AspectObject
2018-03-29 21:04:43 INFO  AspectObject:113 - onAllClassAllMethod performanceMonitorAdvisor 실행 전 
2018-03-29 21:04:43 INFO  AspectObject:113 - onAllClassAllMethod appPerfMonitorInterceptor 실행 전 
2018-03-29 21:04:43 INFO  AspectObject:115 - onAllClassAllMethod appPerfMonitorInterceptor 실행 후 
2018-03-29 21:04:43 INFO  AspectObject:115 - onAllClassAllMethod performanceMonitorAdvisor 실행 후 
2018-03-29 21:04:43 INFO  AspectObject:113 - onAllClassAllMethod someObject 실행 전 
2018-03-29 21:04:43 INFO  AspectObject:115 - onAllClassAllMethod someObject 실행 후 
2018-03-29 21:04:43 INFO  AspectObject:113 - onAllClassAllMethod doSomething 실행 전 
2018-03-29 21:04:43 INFO  AspectObject:47 - onAroundDoSomeMethod doSomething 실행 전 
2018-03-29 21:04:43 INFO  AspectObject:30 - onAroundDoSomeMethod doSomething 실행 전 
2018-03-29 21:04:43 INFO  SomeObject:11 - SomeObject => do something
2018-03-29 21:04:43 INFO  AspectObject:32 - onAroundDoSomeMethod doSomething 실행 후 
2018-03-29 21:04:43 INFO  AspectObject:49 - onAroundDoSomeMethod doSomething 실행 후 
2018-03-29 21:04:43 INFO  AspectObject:115 - onAllClassAllMethod doSomething 실행 후 
2018-03-29 21:04:43 INFO  AspectObject:113 - onAllClassAllMethod printName 실행 전 
2018-03-29 21:04:43 INFO  AspectObject:96 - onDummyObjectAllMethod printName 실행 전 
2018-03-29 21:04:43 INFO  AspectObject:66 - method name printName
2018-03-29 21:04:43 INFO  AspectObject:71 - onDummyObjectPrintNameMethod printName 실행 전 
2018-03-29 21:04:43 INFO  DummyObject:21 - DummyObject => name james
2018-03-29 21:04:43 INFO  AspectObject:81 - onDummyObjectPrintNameMethod printName 실행 후 
2018-03-29 21:04:43 INFO  AspectObject:98 - onDummyObjectAllMethod printName 실행 후 
2018-03-29 21:04:43 INFO  AspectObject:115 - onAllClassAllMethod printName 실행 후 
2018-03-29 21:04:43 INFO  AspectObject:113 - onAllClassAllMethod printName 실행 전 
2018-03-29 21:04:43 INFO  AspectObject:96 - onDummyObjectAllMethod printName 실행 전 
2018-03-29 21:04:43 INFO  AspectObject:66 - method name printName
2018-03-29 21:04:43 INFO  AspectObject:71 - onDummyObjectPrintNameMethod printName 실행 전 
2018-03-29 21:04:43 INFO  AspectObject:77 - arg james dean
2018-03-29 21:04:43 INFO  DummyObject:25 - DummyObject => name 2 james dean
2018-03-29 21:04:43 INFO  AspectObject:81 - onDummyObjectPrintNameMethod printName 실행 후 
2018-03-29 21:04:43 INFO  AspectObject:98 - onDummyObjectAllMethod printName 실행 후 
2018-03-29 21:04:43 INFO  AspectObject:115 - onAllClassAllMethod printName 실행 후 
2018-03-29 21:07:02 INFO  AnnotationConfigApplicationContext:582 - Refreshing org.springframework.context.annotation.AnnotationConfigApplicationContext@527740a2: startup date [Thu Mar 29 21:07:02 KST 2018]; root of context hierarchy
2018-03-29 21:07:03 INFO  XmlBeanDefinitionReader:317 - Loading XML bean definitions from class path resource [app-config.xml]
2018-03-29 21:07:04 INFO  AspectObject:20 - Create AspectObject
2018-03-29 21:07:04 INFO  AspectObject:113 - onAllClassAllMethod performanceMonitorAdvisor 실행 전 
2018-03-29 21:07:04 INFO  AspectObject:113 - onAllClassAllMethod appPerfMonitorInterceptor 실행 전 
2018-03-29 21:07:06 INFO  AspectObject:115 - onAllClassAllMethod appPerfMonitorInterceptor 실행 후 
2018-03-29 21:07:06 INFO  AspectObject:115 - onAllClassAllMethod performanceMonitorAdvisor 실행 후 
2018-03-29 21:07:06 INFO  AspectObject:113 - onAllClassAllMethod someObject 실행 전 
2018-03-29 21:07:06 INFO  AspectObject:115 - onAllClassAllMethod someObject 실행 후 
2018-03-29 21:07:07 INFO  AspectObject:113 - onAllClassAllMethod doSomething 실행 전 
2018-03-29 21:07:07 INFO  AspectObject:47 - onAroundDoSomeMethod doSomething 실행 전 
2018-03-29 21:07:07 INFO  AspectObject:30 - onAroundDoSomeMethod doSomething 실행 전 
2018-03-29 21:07:07 INFO  SomeObject:11 - SomeObject => do something
2018-03-29 21:07:07 INFO  AspectObject:32 - onAroundDoSomeMethod doSomething 실행 후 
2018-03-29 21:07:07 INFO  AspectObject:49 - onAroundDoSomeMethod doSomething 실행 후 
2018-03-29 21:07:07 INFO  AspectObject:115 - onAllClassAllMethod doSomething 실행 후 
2018-03-29 21:07:07 INFO  AspectObject:113 - onAllClassAllMethod printName 실행 전 
2018-03-29 21:07:07 INFO  AspectObject:96 - onDummyObjectAllMethod printName 실행 전 
2018-03-29 21:07:07 INFO  AspectObject:66 - method name printName
2018-03-29 21:07:07 INFO  AspectObject:71 - onDummyObjectPrintNameMethod printName 실행 전 
2018-03-29 21:07:07 INFO  DummyObject:23 - DummyObject => name james
2018-03-29 21:07:07 INFO  AspectObject:81 - onDummyObjectPrintNameMethod printName 실행 후 
2018-03-29 21:07:07 INFO  AspectObject:98 - onDummyObjectAllMethod printName 실행 후 
2018-03-29 21:07:07 INFO  AspectObject:115 - onAllClassAllMethod printName 실행 후 
2018-03-29 21:07:07 INFO  AspectObject:113 - onAllClassAllMethod printName 실행 전 
2018-03-29 21:07:07 INFO  AspectObject:96 - onDummyObjectAllMethod printName 실행 전 
2018-03-29 21:07:07 INFO  AspectObject:66 - method name printName
2018-03-29 21:07:07 INFO  AspectObject:71 - onDummyObjectPrintNameMethod printName 실행 전 
2018-03-29 21:07:07 INFO  AspectObject:77 - arg james dean
2018-03-29 21:07:07 INFO  DummyObject:27 - DummyObject => name 2 james dean
2018-03-29 21:07:07 INFO  AspectObject:81 - onDummyObjectPrintNameMethod printName 실행 후 
2018-03-29 21:07:07 INFO  AspectObject:98 - onDummyObjectAllMethod printName 실행 후 
2018-03-29 21:07:07 INFO  AspectObject:115 - onAllClassAllMethod printName 실행 후 
2018-03-29 21:07:26 INFO  AnnotationConfigApplicationContext:582 - Refreshing org.springframework.context.annotation.AnnotationConfigApplicationContext@527740a2: startup date [Thu Mar 29 21:07:26 KST 2018]; root of context hierarchy
2018-03-29 21:07:26 INFO  XmlBeanDefinitionReader:317 - Loading XML bean definitions from class path resource [app-config.xml]
2018-03-29 21:07:28 INFO  AspectObject:20 - Create AspectObject
2018-03-29 21:07:28 INFO  AspectObject:113 - onAllClassAllMethod performanceMonitorAdvisor 실행 전 
2018-03-29 21:07:28 INFO  AspectObject:113 - onAllClassAllMethod appPerfMonitorInterceptor 실행 전 
2018-03-29 21:07:30 INFO  AspectObject:115 - onAllClassAllMethod appPerfMonitorInterceptor 실행 후 
2018-03-29 21:07:30 INFO  AspectObject:115 - onAllClassAllMethod performanceMonitorAdvisor 실행 후 
2018-03-29 21:07:30 INFO  AspectObject:113 - onAllClassAllMethod someObject 실행 전 
2018-03-29 21:07:30 INFO  AspectObject:115 - onAllClassAllMethod someObject 실행 후 
2018-03-29 21:07:30 INFO  AspectObject:113 - onAllClassAllMethod doSomething 실행 전 
2018-03-29 21:07:30 INFO  AspectObject:47 - onAroundDoSomeMethod doSomething 실행 전 
2018-03-29 21:07:30 INFO  AspectObject:30 - onAroundDoSomeMethod doSomething 실행 전 
2018-03-29 21:07:30 INFO  SomeObject:11 - SomeObject => do something
2018-03-29 21:07:30 INFO  AspectObject:32 - onAroundDoSomeMethod doSomething 실행 후 
2018-03-29 21:07:30 INFO  AspectObject:49 - onAroundDoSomeMethod doSomething 실행 후 
2018-03-29 21:07:30 INFO  AspectObject:115 - onAllClassAllMethod doSomething 실행 후 
2018-03-29 21:07:30 INFO  AspectObject:113 - onAllClassAllMethod printName 실행 전 
2018-03-29 21:07:30 INFO  AspectObject:96 - onDummyObjectAllMethod printName 실행 전 
2018-03-29 21:07:30 INFO  AspectObject:66 - method name printName
2018-03-29 21:07:30 INFO  AspectObject:71 - onDummyObjectPrintNameMethod printName 실행 전 
2018-03-29 21:07:31 INFO  DummyObject:23 - DummyObject => name james
2018-03-29 21:07:31 INFO  AspectObject:81 - onDummyObjectPrintNameMethod printName 실행 후 
2018-03-29 21:07:31 INFO  AspectObject:98 - onDummyObjectAllMethod printName 실행 후 
2018-03-29 21:07:31 INFO  AspectObject:115 - onAllClassAllMethod printName 실행 후 
2018-03-29 21:07:31 INFO  AspectObject:113 - onAllClassAllMethod printName 실행 전 
2018-03-29 21:07:31 INFO  AspectObject:96 - onDummyObjectAllMethod printName 실행 전 
2018-03-29 21:07:31 INFO  AspectObject:66 - method name printName
2018-03-29 21:07:31 INFO  AspectObject:71 - onDummyObjectPrintNameMethod printName 실행 전 
2018-03-29 21:07:31 INFO  AspectObject:77 - arg james dean
2018-03-29 21:07:31 INFO  DummyObject:27 - DummyObject => name 2 james dean
2018-03-29 21:07:31 INFO  AspectObject:81 - onDummyObjectPrintNameMethod printName 실행 후 
2018-03-29 21:07:31 INFO  AspectObject:98 - onDummyObjectAllMethod printName 실행 후 
2018-03-29 21:07:31 INFO  AspectObject:115 - onAllClassAllMethod printName 실행 후 
2018-03-29 21:07:31 INFO  AspectObject:113 - onAllClassAllMethod longJob 실행 전 
2018-03-29 21:07:31 INFO  AspectObject:96 - onDummyObjectAllMethod longJob 실행 전 
2018-03-29 21:07:37 INFO  AspectObject:98 - onDummyObjectAllMethod longJob 실행 후 
2018-03-29 21:07:37 INFO  AspectObject:115 - onAllClassAllMethod longJob 실행 후 
2018-03-29 21:08:36 INFO  AnnotationConfigApplicationContext:582 - Refreshing org.springframework.context.annotation.AnnotationConfigApplicationContext@527740a2: startup date [Thu Mar 29 21:08:36 KST 2018]; root of context hierarchy
2018-03-29 21:08:36 INFO  XmlBeanDefinitionReader:317 - Loading XML bean definitions from class path resource [app-config.xml]
2018-03-29 21:08:41 INFO  AspectObject:20 - Create AspectObject
2018-03-29 21:08:41 INFO  AspectObject:113 - onAllClassAllMethod doSomething 실행 전 
2018-03-29 21:08:41 INFO  AspectObject:47 - onAroundDoSomeMethod doSomething 실행 전 
2018-03-29 21:08:41 INFO  AspectObject:30 - onAroundDoSomeMethod doSomething 실행 전 
2018-03-29 21:08:41 INFO  SomeObject:11 - SomeObject => do something
2018-03-29 21:08:41 INFO  AspectObject:32 - onAroundDoSomeMethod doSomething 실행 후 
2018-03-29 21:08:41 INFO  AspectObject:49 - onAroundDoSomeMethod doSomething 실행 후 
2018-03-29 21:08:41 INFO  AspectObject:115 - onAllClassAllMethod doSomething 실행 후 
2018-03-29 21:08:41 INFO  AspectObject:113 - onAllClassAllMethod printName 실행 전 
2018-03-29 21:08:41 INFO  AspectObject:96 - onDummyObjectAllMethod printName 실행 전 
2018-03-29 21:08:41 INFO  AspectObject:66 - method name printName
2018-03-29 21:08:41 INFO  AspectObject:71 - onDummyObjectPrintNameMethod printName 실행 전 
2018-03-29 21:08:41 INFO  DummyObject:23 - DummyObject => name james
2018-03-29 21:08:41 INFO  AspectObject:81 - onDummyObjectPrintNameMethod printName 실행 후 
2018-03-29 21:08:41 INFO  AspectObject:98 - onDummyObjectAllMethod printName 실행 후 
2018-03-29 21:08:41 INFO  AspectObject:115 - onAllClassAllMethod printName 실행 후 
2018-03-29 21:08:41 INFO  AspectObject:113 - onAllClassAllMethod printName 실행 전 
2018-03-29 21:08:41 INFO  AspectObject:96 - onDummyObjectAllMethod printName 실행 전 
2018-03-29 21:08:41 INFO  AspectObject:66 - method name printName
2018-03-29 21:08:41 INFO  AspectObject:71 - onDummyObjectPrintNameMethod printName 실행 전 
2018-03-29 21:08:41 INFO  AspectObject:77 - arg james dean
2018-03-29 21:08:41 INFO  DummyObject:27 - DummyObject => name 2 james dean
2018-03-29 21:08:41 INFO  AspectObject:81 - onDummyObjectPrintNameMethod printName 실행 후 
2018-03-29 21:08:41 INFO  AspectObject:98 - onDummyObjectAllMethod printName 실행 후 
2018-03-29 21:08:41 INFO  AspectObject:115 - onAllClassAllMethod printName 실행 후 
2018-03-29 21:08:41 INFO  AspectObject:113 - onAllClassAllMethod longJob 실행 전 
2018-03-29 21:08:41 INFO  AspectObject:96 - onDummyObjectAllMethod longJob 실행 전 
2018-03-29 21:08:47 INFO  AspectObject:98 - onDummyObjectAllMethod longJob 실행 후 
2018-03-29 21:08:47 INFO  AspectObject:115 - onAllClassAllMethod longJob 실행 후 
2018-03-29 21:09:21 INFO  AnnotationConfigApplicationContext:582 - Refreshing org.springframework.context.annotation.AnnotationConfigApplicationContext@527740a2: startup date [Thu Mar 29 21:09:21 KST 2018]; root of context hierarchy
2018-03-29 21:09:21 INFO  DefaultListableBeanFactory:821 - Overriding bean definition for bean 'appPerfMonitorInterceptor' with a different definition: replacing [Generic bean: class [com.exaop.AppPerfMonitorInterceptor]; scope=singleton; abstract=false; lazyInit=false; autowireMode=0; dependencyCheck=0; autowireCandidate=true; primary=false; factoryBeanName=null; factoryMethodName=null; initMethodName=null; destroyMethodName=null; defined in file [E:\tutorial\spring-sample\ExAOP\target\classes\com\exaop\AppPerfMonitorInterceptor.class]] with [Root bean: class [null]; scope=; abstract=false; lazyInit=false; autowireMode=3; dependencyCheck=0; autowireCandidate=true; primary=false; factoryBeanName=appConfig; factoryMethodName=appPerfMonitorInterceptor; initMethodName=null; destroyMethodName=(inferred); defined in com.exaop.AppConfig]
2018-03-29 21:09:21 INFO  XmlBeanDefinitionReader:317 - Loading XML bean definitions from class path resource [app-config.xml]
2018-03-29 21:09:22 INFO  AspectObject:20 - Create AspectObject
2018-03-29 21:09:23 INFO  AspectObject:113 - onAllClassAllMethod doSomething 실행 전 
2018-03-29 21:09:23 INFO  AspectObject:47 - onAroundDoSomeMethod doSomething 실행 전 
2018-03-29 21:09:23 INFO  AspectObject:30 - onAroundDoSomeMethod doSomething 실행 전 
2018-03-29 21:09:23 INFO  SomeObject:11 - SomeObject => do something
2018-03-29 21:09:23 INFO  AspectObject:32 - onAroundDoSomeMethod doSomething 실행 후 
2018-03-29 21:09:23 INFO  AspectObject:49 - onAroundDoSomeMethod doSomething 실행 후 
2018-03-29 21:09:23 INFO  AspectObject:115 - onAllClassAllMethod doSomething 실행 후 
2018-03-29 21:09:23 INFO  AspectObject:113 - onAllClassAllMethod printName 실행 전 
2018-03-29 21:09:23 INFO  AspectObject:96 - onDummyObjectAllMethod printName 실행 전 
2018-03-29 21:09:23 INFO  AspectObject:66 - method name printName
2018-03-29 21:09:23 INFO  AspectObject:71 - onDummyObjectPrintNameMethod printName 실행 전 
2018-03-29 21:09:23 INFO  DummyObject:23 - DummyObject => name james
2018-03-29 21:09:23 INFO  AspectObject:81 - onDummyObjectPrintNameMethod printName 실행 후 
2018-03-29 21:09:23 INFO  AspectObject:98 - onDummyObjectAllMethod printName 실행 후 
2018-03-29 21:09:23 INFO  AspectObject:115 - onAllClassAllMethod printName 실행 후 
2018-03-29 21:09:23 INFO  AspectObject:113 - onAllClassAllMethod printName 실행 전 
2018-03-29 21:09:23 INFO  AspectObject:96 - onDummyObjectAllMethod printName 실행 전 
2018-03-29 21:09:23 INFO  AspectObject:66 - method name printName
2018-03-29 21:09:23 INFO  AspectObject:71 - onDummyObjectPrintNameMethod printName 실행 전 
2018-03-29 21:09:23 INFO  AspectObject:77 - arg james dean
2018-03-29 21:09:23 INFO  DummyObject:27 - DummyObject => name 2 james dean
2018-03-29 21:09:23 INFO  AspectObject:81 - onDummyObjectPrintNameMethod printName 실행 후 
2018-03-29 21:09:23 INFO  AspectObject:98 - onDummyObjectAllMethod printName 실행 후 
2018-03-29 21:09:23 INFO  AspectObject:115 - onAllClassAllMethod printName 실행 후 
2018-03-29 21:09:23 INFO  AspectObject:113 - onAllClassAllMethod longJob 실행 전 
2018-03-29 21:09:23 INFO  AspectObject:96 - onDummyObjectAllMethod longJob 실행 전 
2018-03-29 21:09:26 INFO  AspectObject:98 - onDummyObjectAllMethod longJob 실행 후 
2018-03-29 21:09:26 INFO  AspectObject:115 - onAllClassAllMethod longJob 실행 후 
2018-03-29 21:09:46 INFO  AnnotationConfigApplicationContext:582 - Refreshing org.springframework.context.annotation.AnnotationConfigApplicationContext@527740a2: startup date [Thu Mar 29 21:09:46 KST 2018]; root of context hierarchy
2018-03-29 21:09:46 INFO  DefaultListableBeanFactory:821 - Overriding bean definition for bean 'appPerfMonitorInterceptor' with a different definition: replacing [Generic bean: class [com.exaop.AppPerfMonitorInterceptor]; scope=singleton; abstract=false; lazyInit=false; autowireMode=0; dependencyCheck=0; autowireCandidate=true; primary=false; factoryBeanName=null; factoryMethodName=null; initMethodName=null; destroyMethodName=null; defined in file [E:\tutorial\spring-sample\ExAOP\target\classes\com\exaop\AppPerfMonitorInterceptor.class]] with [Root bean: class [null]; scope=; abstract=false; lazyInit=false; autowireMode=3; dependencyCheck=0; autowireCandidate=true; primary=false; factoryBeanName=appConfig; factoryMethodName=appPerfMonitorInterceptor; initMethodName=null; destroyMethodName=(inferred); defined in com.exaop.AppConfig]
2018-03-29 21:09:46 INFO  XmlBeanDefinitionReader:317 - Loading XML bean definitions from class path resource [app-config.xml]
2018-03-29 21:09:47 INFO  AspectObject:20 - Create AspectObject
2018-03-29 21:09:48 INFO  AspectObject:113 - onAllClassAllMethod doSomething 실행 전 
2018-03-29 21:09:48 INFO  AspectObject:47 - onAroundDoSomeMethod doSomething 실행 전 
2018-03-29 21:09:48 INFO  AspectObject:30 - onAroundDoSomeMethod doSomething 실행 전 
2018-03-29 21:09:48 INFO  SomeObject:11 - SomeObject => do something
2018-03-29 21:09:48 INFO  AspectObject:32 - onAroundDoSomeMethod doSomething 실행 후 
2018-03-29 21:09:48 INFO  AspectObject:49 - onAroundDoSomeMethod doSomething 실행 후 
2018-03-29 21:09:48 INFO  AspectObject:115 - onAllClassAllMethod doSomething 실행 후 
2018-03-29 21:09:48 INFO  AspectObject:113 - onAllClassAllMethod printName 실행 전 
2018-03-29 21:09:48 INFO  AspectObject:96 - onDummyObjectAllMethod printName 실행 전 
2018-03-29 21:09:48 INFO  AspectObject:66 - method name printName
2018-03-29 21:09:48 INFO  AspectObject:71 - onDummyObjectPrintNameMethod printName 실행 전 
2018-03-29 21:09:48 INFO  DummyObject:23 - DummyObject => name james
2018-03-29 21:09:48 INFO  AspectObject:81 - onDummyObjectPrintNameMethod printName 실행 후 
2018-03-29 21:09:48 INFO  AspectObject:98 - onDummyObjectAllMethod printName 실행 후 
2018-03-29 21:09:48 INFO  AspectObject:115 - onAllClassAllMethod printName 실행 후 
2018-03-29 21:09:48 INFO  AspectObject:113 - onAllClassAllMethod printName 실행 전 
2018-03-29 21:09:48 INFO  AspectObject:96 - onDummyObjectAllMethod printName 실행 전 
2018-03-29 21:09:48 INFO  AspectObject:66 - method name printName
2018-03-29 21:09:48 INFO  AspectObject:71 - onDummyObjectPrintNameMethod printName 실행 전 
2018-03-29 21:09:48 INFO  AspectObject:77 - arg james dean
2018-03-29 21:09:48 INFO  DummyObject:27 - DummyObject => name 2 james dean
2018-03-29 21:09:48 INFO  AspectObject:81 - onDummyObjectPrintNameMethod printName 실행 후 
2018-03-29 21:09:48 INFO  AspectObject:98 - onDummyObjectAllMethod printName 실행 후 
2018-03-29 21:09:48 INFO  AspectObject:115 - onAllClassAllMethod printName 실행 후 
2018-03-29 21:09:48 INFO  AspectObject:113 - onAllClassAllMethod longJob 실행 전 
2018-03-29 21:09:48 INFO  AspectObject:96 - onDummyObjectAllMethod longJob 실행 전 
2018-03-29 21:09:51 INFO  AspectObject:98 - onDummyObjectAllMethod longJob 실행 후 
2018-03-29 21:09:51 INFO  AspectObject:115 - onAllClassAllMethod longJob 실행 후 
2018-03-29 21:13:44 INFO  AnnotationConfigApplicationContext:582 - Refreshing org.springframework.context.annotation.AnnotationConfigApplicationContext@527740a2: startup date [Thu Mar 29 21:13:44 KST 2018]; root of context hierarchy
2018-03-29 21:13:44 INFO  XmlBeanDefinitionReader:317 - Loading XML bean definitions from class path resource [app-config.xml]
2018-03-29 21:13:45 INFO  AspectObject:20 - Create AspectObject
2018-03-29 21:13:45 INFO  AspectObject:113 - onAllClassAllMethod performanceMonitorAdvisor 실행 전 
2018-03-29 21:13:46 INFO  AspectObject:113 - onAllClassAllMethod appPerfMonitorInterceptor 실행 전 
2018-03-29 21:13:46 INFO  AspectObject:115 - onAllClassAllMethod appPerfMonitorInterceptor 실행 후 
2018-03-29 21:13:46 INFO  AspectObject:115 - onAllClassAllMethod performanceMonitorAdvisor 실행 후 
2018-03-29 21:13:46 INFO  AspectObject:113 - onAllClassAllMethod someObject 실행 전 
2018-03-29 21:13:46 INFO  AspectObject:115 - onAllClassAllMethod someObject 실행 후 
2018-03-29 21:13:46 INFO  AspectObject:113 - onAllClassAllMethod doSomething 실행 전 
2018-03-29 21:13:46 INFO  AspectObject:47 - onAroundDoSomeMethod doSomething 실행 전 
2018-03-29 21:13:46 INFO  AspectObject:30 - onAroundDoSomeMethod doSomething 실행 전 
2018-03-29 21:13:46 INFO  SomeObject:11 - SomeObject => do something
2018-03-29 21:13:46 INFO  AspectObject:32 - onAroundDoSomeMethod doSomething 실행 후 
2018-03-29 21:13:46 INFO  AspectObject:49 - onAroundDoSomeMethod doSomething 실행 후 
2018-03-29 21:13:46 INFO  AspectObject:115 - onAllClassAllMethod doSomething 실행 후 
2018-03-29 21:13:46 INFO  AspectObject:113 - onAllClassAllMethod printName 실행 전 
2018-03-29 21:13:46 INFO  AspectObject:96 - onDummyObjectAllMethod printName 실행 전 
2018-03-29 21:13:46 INFO  AspectObject:66 - method name printName
2018-03-29 21:13:46 INFO  AspectObject:71 - onDummyObjectPrintNameMethod printName 실행 전 
2018-03-29 21:13:46 INFO  DummyObject:23 - DummyObject => name james
2018-03-29 21:13:46 INFO  AspectObject:81 - onDummyObjectPrintNameMethod printName 실행 후 
2018-03-29 21:13:46 INFO  AspectObject:98 - onDummyObjectAllMethod printName 실행 후 
2018-03-29 21:13:46 INFO  AspectObject:115 - onAllClassAllMethod printName 실행 후 
2018-03-29 21:13:46 INFO  AspectObject:113 - onAllClassAllMethod printName 실행 전 
2018-03-29 21:13:46 INFO  AspectObject:96 - onDummyObjectAllMethod printName 실행 전 
2018-03-29 21:13:46 INFO  AspectObject:66 - method name printName
2018-03-29 21:13:46 INFO  AspectObject:71 - onDummyObjectPrintNameMethod printName 실행 전 
2018-03-29 21:13:46 INFO  AspectObject:77 - arg james dean
2018-03-29 21:13:46 INFO  DummyObject:27 - DummyObject => name 2 james dean
2018-03-29 21:13:46 INFO  AspectObject:81 - onDummyObjectPrintNameMethod printName 실행 후 
2018-03-29 21:13:46 INFO  AspectObject:98 - onDummyObjectAllMethod printName 실행 후 
2018-03-29 21:13:46 INFO  AspectObject:115 - onAllClassAllMethod printName 실행 후 
2018-03-29 21:13:46 INFO  AspectObject:113 - onAllClassAllMethod longJob 실행 전 
2018-03-29 21:13:46 INFO  AspectObject:96 - onDummyObjectAllMethod longJob 실행 전 
2018-03-29 21:13:49 INFO  AspectObject:98 - onDummyObjectAllMethod longJob 실행 후 
2018-03-29 21:13:49 INFO  AspectObject:115 - onAllClassAllMethod longJob 실행 후 
2018-03-29 21:16:43 INFO  AnnotationConfigApplicationContext:582 - Refreshing org.springframework.context.annotation.AnnotationConfigApplicationContext@527740a2: startup date [Thu Mar 29 21:16:43 KST 2018]; root of context hierarchy
2018-03-29 21:16:43 INFO  XmlBeanDefinitionReader:317 - Loading XML bean definitions from class path resource [app-config.xml]
2018-03-29 21:16:44 INFO  AspectObject:20 - Create AspectObject
2018-03-29 21:16:44 INFO  AspectObject:113 - onAllClassAllMethod appPerfMonitorAdvisor 실행 전 
2018-03-29 21:16:46 INFO  AspectObject:113 - onAllClassAllMethod appPerfMonitorInterceptor 실행 전 
2018-03-29 21:16:46 INFO  AspectObject:115 - onAllClassAllMethod appPerfMonitorInterceptor 실행 후 
2018-03-29 21:16:46 INFO  AspectObject:115 - onAllClassAllMethod appPerfMonitorAdvisor 실행 후 
2018-03-29 21:16:47 INFO  AspectObject:113 - onAllClassAllMethod someObject 실행 전 
2018-03-29 21:16:47 INFO  AspectObject:115 - onAllClassAllMethod someObject 실행 후 
2018-03-29 21:16:47 INFO  AspectObject:113 - onAllClassAllMethod doSomething 실행 전 
2018-03-29 21:16:47 INFO  AspectObject:47 - onAroundDoSomeMethod doSomething 실행 전 
2018-03-29 21:16:47 INFO  AspectObject:30 - onAroundDoSomeMethod doSomething 실행 전 
2018-03-29 21:16:47 INFO  SomeObject:11 - SomeObject => do something
2018-03-29 21:16:47 INFO  AspectObject:32 - onAroundDoSomeMethod doSomething 실행 후 
2018-03-29 21:16:47 INFO  AspectObject:49 - onAroundDoSomeMethod doSomething 실행 후 
2018-03-29 21:16:47 INFO  AspectObject:115 - onAllClassAllMethod doSomething 실행 후 
2018-03-29 21:16:47 INFO  AspectObject:113 - onAllClassAllMethod printName 실행 전 
2018-03-29 21:16:47 INFO  AspectObject:96 - onDummyObjectAllMethod printName 실행 전 
2018-03-29 21:16:47 INFO  AspectObject:66 - method name printName
2018-03-29 21:16:47 INFO  AspectObject:71 - onDummyObjectPrintNameMethod printName 실행 전 
2018-03-29 21:16:47 INFO  DummyObject:23 - DummyObject => name james
2018-03-29 21:16:47 INFO  AspectObject:81 - onDummyObjectPrintNameMethod printName 실행 후 
2018-03-29 21:16:47 INFO  AspectObject:98 - onDummyObjectAllMethod printName 실행 후 
2018-03-29 21:16:47 INFO  AspectObject:115 - onAllClassAllMethod printName 실행 후 
2018-03-29 21:16:47 INFO  AspectObject:113 - onAllClassAllMethod printName 실행 전 
2018-03-29 21:16:47 INFO  AspectObject:96 - onDummyObjectAllMethod printName 실행 전 
2018-03-29 21:16:47 INFO  AspectObject:66 - method name printName
2018-03-29 21:16:47 INFO  AspectObject:71 - onDummyObjectPrintNameMethod printName 실행 전 
2018-03-29 21:16:47 INFO  AspectObject:77 - arg james dean
2018-03-29 21:16:47 INFO  DummyObject:27 - DummyObject => name 2 james dean
2018-03-29 21:16:47 INFO  AspectObject:81 - onDummyObjectPrintNameMethod printName 실행 후 
2018-03-29 21:16:47 INFO  AspectObject:98 - onDummyObjectAllMethod printName 실행 후 
2018-03-29 21:16:47 INFO  AspectObject:115 - onAllClassAllMethod printName 실행 후 
2018-03-29 21:16:47 INFO  AspectObject:113 - onAllClassAllMethod longJob 실행 전 
2018-03-29 21:16:47 INFO  AspectObject:96 - onDummyObjectAllMethod longJob 실행 전 
2018-03-29 21:16:50 INFO  AspectObject:98 - onDummyObjectAllMethod longJob 실행 후 
2018-03-29 21:16:50 INFO  AspectObject:115 - onAllClassAllMethod longJob 실행 후 
2018-03-29 21:25:35 INFO  AnnotationConfigApplicationContext:582 - Refreshing org.springframework.context.annotation.AnnotationConfigApplicationContext@527740a2: startup date [Thu Mar 29 21:25:35 KST 2018]; root of context hierarchy
2018-03-29 21:25:35 INFO  XmlBeanDefinitionReader:317 - Loading XML bean definitions from class path resource [app-config.xml]
2018-03-29 21:25:36 INFO  AspectObject:20 - Create AspectObject
2018-03-29 21:25:36 INFO  AspectObject:113 - onAllClassAllMethod someObject 실행 전 
2018-03-29 21:25:36 INFO  AspectObject:115 - onAllClassAllMethod someObject 실행 후 
2018-03-29 21:25:37 INFO  AspectObject:113 - onAllClassAllMethod doSomething 실행 전 
2018-03-29 21:25:37 INFO  AspectObject:47 - onAroundDoSomeMethod doSomething 실행 전 
2018-03-29 21:25:37 INFO  AspectObject:30 - onAroundDoSomeMethod doSomething 실행 전 
2018-03-29 21:25:37 INFO  SomeObject:11 - SomeObject => do something
2018-03-29 21:25:37 INFO  AspectObject:32 - onAroundDoSomeMethod doSomething 실행 후 
2018-03-29 21:25:37 INFO  AspectObject:49 - onAroundDoSomeMethod doSomething 실행 후 
2018-03-29 21:25:37 INFO  AspectObject:115 - onAllClassAllMethod doSomething 실행 후 
2018-03-29 21:25:37 INFO  AspectObject:113 - onAllClassAllMethod printName 실행 전 
2018-03-29 21:25:37 INFO  AspectObject:96 - onDummyObjectAllMethod printName 실행 전 
2018-03-29 21:25:37 INFO  AspectObject:66 - method name printName
2018-03-29 21:25:37 INFO  AspectObject:71 - onDummyObjectPrintNameMethod printName 실행 전 
2018-03-29 21:25:37 INFO  DummyObject:23 - DummyObject => name james
2018-03-29 21:25:37 INFO  AspectObject:81 - onDummyObjectPrintNameMethod printName 실행 후 
2018-03-29 21:25:37 INFO  AspectObject:98 - onDummyObjectAllMethod printName 실행 후 
2018-03-29 21:25:37 INFO  AspectObject:115 - onAllClassAllMethod printName 실행 후 
2018-03-29 21:25:37 INFO  AspectObject:113 - onAllClassAllMethod printName 실행 전 
2018-03-29 21:25:37 INFO  AspectObject:96 - onDummyObjectAllMethod printName 실행 전 
2018-03-29 21:25:37 INFO  AspectObject:66 - method name printName
2018-03-29 21:25:37 INFO  AspectObject:71 - onDummyObjectPrintNameMethod printName 실행 전 
2018-03-29 21:25:37 INFO  AspectObject:77 - arg james dean
2018-03-29 21:25:37 INFO  DummyObject:27 - DummyObject => name 2 james dean
2018-03-29 21:25:37 INFO  AspectObject:81 - onDummyObjectPrintNameMethod printName 실행 후 
2018-03-29 21:25:37 INFO  AspectObject:98 - onDummyObjectAllMethod printName 실행 후 
2018-03-29 21:25:37 INFO  AspectObject:115 - onAllClassAllMethod printName 실행 후 
2018-03-29 21:25:37 INFO  AspectObject:113 - onAllClassAllMethod writeDelayedLog 실행 전 
2018-03-29 21:25:37 INFO  AspectObject:96 - onDummyObjectAllMethod writeDelayedLog 실행 전 
2018-03-29 21:25:40 INFO  DummyObject:33 - delayed log
2018-03-29 21:25:40 INFO  AspectObject:98 - onDummyObjectAllMethod writeDelayedLog 실행 후 
2018-03-29 21:25:40 INFO  AspectObject:115 - onAllClassAllMethod writeDelayedLog 실행 후 
2018-03-29 21:26:53 INFO  AnnotationConfigApplicationContext:582 - Refreshing org.springframework.context.annotation.AnnotationConfigApplicationContext@527740a2: startup date [Thu Mar 29 21:26:53 KST 2018]; root of context hierarchy
2018-03-29 21:26:53 INFO  XmlBeanDefinitionReader:317 - Loading XML bean definitions from class path resource [app-config.xml]
2018-03-29 21:26:55 INFO  AspectObject:20 - Create AspectObject
2018-03-29 21:26:55 INFO  AspectObject:113 - onAllClassAllMethod someObject 실행 전 
2018-03-29 21:26:55 INFO  AspectObject:115 - onAllClassAllMethod someObject 실행 후 
2018-03-29 21:26:55 INFO  AspectObject:113 - onAllClassAllMethod doSomething 실행 전 
2018-03-29 21:26:55 INFO  AspectObject:47 - onAroundDoSomeMethod doSomething 실행 전 
2018-03-29 21:26:55 INFO  AspectObject:30 - onAroundDoSomeMethod doSomething 실행 전 
2018-03-29 21:26:55 INFO  SomeObject:11 - SomeObject => do something
2018-03-29 21:26:55 INFO  AspectObject:32 - onAroundDoSomeMethod doSomething 실행 후 
2018-03-29 21:26:55 INFO  AspectObject:49 - onAroundDoSomeMethod doSomething 실행 후 
2018-03-29 21:26:55 INFO  AspectObject:115 - onAllClassAllMethod doSomething 실행 후 
2018-03-29 21:26:55 INFO  AspectObject:113 - onAllClassAllMethod printName 실행 전 
2018-03-29 21:26:55 INFO  AspectObject:96 - onDummyObjectAllMethod printName 실행 전 
2018-03-29 21:26:55 INFO  AspectObject:66 - method name printName
2018-03-29 21:26:55 INFO  AspectObject:71 - onDummyObjectPrintNameMethod printName 실행 전 
2018-03-29 21:26:55 INFO  DummyObject:23 - DummyObject => name james
2018-03-29 21:26:55 INFO  AspectObject:81 - onDummyObjectPrintNameMethod printName 실행 후 
2018-03-29 21:26:55 INFO  AspectObject:98 - onDummyObjectAllMethod printName 실행 후 
2018-03-29 21:26:55 INFO  AspectObject:115 - onAllClassAllMethod printName 실행 후 
2018-03-29 21:26:55 INFO  AspectObject:113 - onAllClassAllMethod printName 실행 전 
2018-03-29 21:26:55 INFO  AspectObject:96 - onDummyObjectAllMethod printName 실행 전 
2018-03-29 21:26:55 INFO  AspectObject:66 - method name printName
2018-03-29 21:26:55 INFO  AspectObject:71 - onDummyObjectPrintNameMethod printName 실행 전 
2018-03-29 21:26:55 INFO  AspectObject:77 - arg james dean
2018-03-29 21:26:55 INFO  DummyObject:27 - DummyObject => name 2 james dean
2018-03-29 21:26:55 INFO  AspectObject:81 - onDummyObjectPrintNameMethod printName 실행 후 
2018-03-29 21:26:55 INFO  AspectObject:98 - onDummyObjectAllMethod printName 실행 후 
2018-03-29 21:26:55 INFO  AspectObject:115 - onAllClassAllMethod printName 실행 후 
2018-03-29 21:26:55 INFO  AspectObject:113 - onAllClassAllMethod writeDelayedLog 실행 전 
2018-03-29 21:26:55 INFO  AspectObject:96 - onDummyObjectAllMethod writeDelayedLog 실행 전 
2018-03-29 21:26:58 INFO  DummyObject:33 - delayed log
2018-03-29 21:26:58 INFO  AspectObject:98 - onDummyObjectAllMethod writeDelayedLog 실행 후 
2018-03-29 21:26:58 INFO  AspectObject:115 - onAllClassAllMethod writeDelayedLog 실행 후 
2018-03-29 21:26:58 INFO  AspectObject:130 - void com.exaop.DummyObject.writeDelayedLog(String) executed in 3004 ms
2018-03-29 21:34:46 INFO  AnnotationConfigApplicationContext:582 - Refreshing org.springframework.context.annotation.AnnotationConfigApplicationContext@3108bc: startup date [Thu Mar 29 21:34:46 KST 2018]; root of context hierarchy
2018-03-29 21:34:46 INFO  XmlBeanDefinitionReader:317 - Loading XML bean definitions from class path resource [app-config.xml]
2018-03-29 21:34:50 INFO  AppLife:16 - 시작
2018-03-29 21:34:50 INFO  AppLife:22 - 종료 경과시간 00:00:00.005
2018-03-29 21:34:50 INFO  AspectObject:20 - Create AspectObject
2018-03-29 21:34:50 INFO  AspectObject:113 - onAllClassAllMethod someObject 실행 전 
2018-03-29 21:34:50 INFO  AspectObject:115 - onAllClassAllMethod someObject 실행 후 
2018-03-29 21:34:50 INFO  AspectObject:113 - onAllClassAllMethod doSomething 실행 전 
2018-03-29 21:34:50 INFO  AspectObject:47 - onAroundDoSomeMethod doSomething 실행 전 
2018-03-29 21:34:50 INFO  AspectObject:30 - onAroundDoSomeMethod doSomething 실행 전 
2018-03-29 21:34:50 INFO  SomeObject:11 - SomeObject => do something
2018-03-29 21:34:50 INFO  AspectObject:32 - onAroundDoSomeMethod doSomething 실행 후 
2018-03-29 21:34:50 INFO  AspectObject:49 - onAroundDoSomeMethod doSomething 실행 후 
2018-03-29 21:34:50 INFO  AspectObject:115 - onAllClassAllMethod doSomething 실행 후 
2018-03-29 21:34:50 INFO  AspectObject:113 - onAllClassAllMethod printName 실행 전 
2018-03-29 21:34:50 INFO  AspectObject:96 - onDummyObjectAllMethod printName 실행 전 
2018-03-29 21:34:50 INFO  AspectObject:66 - method name printName
2018-03-29 21:34:50 INFO  AspectObject:71 - onDummyObjectPrintNameMethod printName 실행 전 
2018-03-29 21:34:50 INFO  DummyObject:23 - DummyObject => name james
2018-03-29 21:34:50 INFO  AspectObject:81 - onDummyObjectPrintNameMethod printName 실행 후 
2018-03-29 21:34:50 INFO  AspectObject:98 - onDummyObjectAllMethod printName 실행 후 
2018-03-29 21:34:50 INFO  AspectObject:115 - onAllClassAllMethod printName 실행 후 
2018-03-29 21:34:50 INFO  AspectObject:113 - onAllClassAllMethod printName 실행 전 
2018-03-29 21:34:50 INFO  AspectObject:96 - onDummyObjectAllMethod printName 실행 전 
2018-03-29 21:34:50 INFO  AspectObject:66 - method name printName
2018-03-29 21:34:50 INFO  AspectObject:71 - onDummyObjectPrintNameMethod printName 실행 전 
2018-03-29 21:34:50 INFO  AspectObject:77 - arg james dean
2018-03-29 21:34:50 INFO  DummyObject:27 - DummyObject => name 2 james dean
2018-03-29 21:34:50 INFO  AspectObject:81 - onDummyObjectPrintNameMethod printName 실행 후 
2018-03-29 21:34:50 INFO  AspectObject:98 - onDummyObjectAllMethod printName 실행 후 
2018-03-29 21:34:50 INFO  AspectObject:115 - onAllClassAllMethod printName 실행 후 
2018-03-29 21:34:50 INFO  AspectObject:113 - onAllClassAllMethod writeDelayedLog 실행 전 
2018-03-29 21:34:50 INFO  AspectObject:96 - onDummyObjectAllMethod writeDelayedLog 실행 전 
2018-03-29 21:34:53 INFO  DummyObject:33 - delayed log
2018-03-29 21:34:53 INFO  AspectObject:98 - onDummyObjectAllMethod writeDelayedLog 실행 후 
2018-03-29 21:34:53 INFO  AspectObject:115 - onAllClassAllMethod writeDelayedLog 실행 후 
2018-03-29 21:34:53 INFO  AspectObject:129 - void com.exaop.DummyObject.writeDelayedLog(String) executed in 3003 ms
2018-03-29 21:35:15 INFO  AnnotationConfigApplicationContext:582 - Refreshing org.springframework.context.annotation.AnnotationConfigApplicationContext@3108bc: startup date [Thu Mar 29 21:35:15 KST 2018]; root of context hierarchy
2018-03-29 21:35:15 INFO  XmlBeanDefinitionReader:317 - Loading XML bean definitions from class path resource [app-config.xml]
2018-03-29 21:35:17 INFO  AppLife:16 - 시작
2018-03-29 21:35:20 INFO  AppLife:22 - 종료 경과시간 00:00:02.734
2018-03-29 21:35:31 INFO  AspectObject:20 - Create AspectObject
2018-03-29 21:35:31 INFO  AspectObject:113 - onAllClassAllMethod someObject 실행 전 
2018-03-29 21:35:31 INFO  AspectObject:115 - onAllClassAllMethod someObject 실행 후 
2018-03-29 21:35:31 INFO  AspectObject:113 - onAllClassAllMethod doSomething 실행 전 
2018-03-29 21:35:31 INFO  AspectObject:47 - onAroundDoSomeMethod doSomething 실행 전 
2018-03-29 21:35:31 INFO  AspectObject:30 - onAroundDoSomeMethod doSomething 실행 전 
2018-03-29 21:35:31 INFO  SomeObject:11 - SomeObject => do something
2018-03-29 21:35:31 INFO  AspectObject:32 - onAroundDoSomeMethod doSomething 실행 후 
2018-03-29 21:35:31 INFO  AspectObject:49 - onAroundDoSomeMethod doSomething 실행 후 
2018-03-29 21:35:31 INFO  AspectObject:115 - onAllClassAllMethod doSomething 실행 후 
2018-03-29 21:35:31 INFO  AspectObject:113 - onAllClassAllMethod printName 실행 전 
2018-03-29 21:35:31 INFO  AspectObject:96 - onDummyObjectAllMethod printName 실행 전 
2018-03-29 21:35:31 INFO  AspectObject:66 - method name printName
2018-03-29 21:35:31 INFO  AspectObject:71 - onDummyObjectPrintNameMethod printName 실행 전 
2018-03-29 21:35:31 INFO  DummyObject:23 - DummyObject => name james
2018-03-29 21:35:31 INFO  AspectObject:81 - onDummyObjectPrintNameMethod printName 실행 후 
2018-03-29 21:35:31 INFO  AspectObject:98 - onDummyObjectAllMethod printName 실행 후 
2018-03-29 21:35:31 INFO  AspectObject:115 - onAllClassAllMethod printName 실행 후 
2018-03-29 21:35:31 INFO  AspectObject:113 - onAllClassAllMethod printName 실행 전 
2018-03-29 21:35:31 INFO  AspectObject:96 - onDummyObjectAllMethod printName 실행 전 
2018-03-29 21:35:31 INFO  AspectObject:66 - method name printName
2018-03-29 21:35:31 INFO  AspectObject:71 - onDummyObjectPrintNameMethod printName 실행 전 
2018-03-29 21:35:31 INFO  AspectObject:77 - arg james dean
2018-03-29 21:35:31 INFO  DummyObject:27 - DummyObject => name 2 james dean
2018-03-29 21:35:31 INFO  AspectObject:81 - onDummyObjectPrintNameMethod printName 실행 후 
2018-03-29 21:35:31 INFO  AspectObject:98 - onDummyObjectAllMethod printName 실행 후 
2018-03-29 21:35:31 INFO  AspectObject:115 - onAllClassAllMethod printName 실행 후 
2018-03-29 21:35:31 INFO  AspectObject:113 - onAllClassAllMethod writeDelayedLog 실행 전 
2018-03-29 21:35:31 INFO  AspectObject:96 - onDummyObjectAllMethod writeDelayedLog 실행 전 
2018-03-29 21:35:34 INFO  DummyObject:33 - delayed log
2018-03-29 21:35:34 INFO  AspectObject:98 - onDummyObjectAllMethod writeDelayedLog 실행 후 
2018-03-29 21:35:34 INFO  AspectObject:115 - onAllClassAllMethod writeDelayedLog 실행 후 
2018-03-29 21:35:34 INFO  AspectObject:129 - void com.exaop.DummyObject.writeDelayedLog(String) executed in 3003 ms
2018-03-29 21:36:39 INFO  AnnotationConfigApplicationContext:582 - Refreshing org.springframework.context.annotation.AnnotationConfigApplicationContext@3108bc: startup date [Thu Mar 29 21:36:39 KST 2018]; root of context hierarchy
2018-03-29 21:36:39 INFO  XmlBeanDefinitionReader:317 - Loading XML bean definitions from class path resource [app-config.xml]
2018-03-29 21:36:41 INFO  AppLife:17 - 시작
2018-03-29 21:36:41 INFO  AspectObject:20 - Create AspectObject
2018-03-29 21:36:41 INFO  AspectObject:113 - onAllClassAllMethod someObject 실행 전 
2018-03-29 21:36:41 INFO  AspectObject:115 - onAllClassAllMethod someObject 실행 후 
2018-03-29 21:36:42 INFO  AspectObject:113 - onAllClassAllMethod doSomething 실행 전 
2018-03-29 21:36:42 INFO  AspectObject:47 - onAroundDoSomeMethod doSomething 실행 전 
2018-03-29 21:36:42 INFO  AspectObject:30 - onAroundDoSomeMethod doSomething 실행 전 
2018-03-29 21:36:42 INFO  SomeObject:11 - SomeObject => do something
2018-03-29 21:36:42 INFO  AspectObject:32 - onAroundDoSomeMethod doSomething 실행 후 
2018-03-29 21:36:42 INFO  AspectObject:49 - onAroundDoSomeMethod doSomething 실행 후 
2018-03-29 21:36:42 INFO  AspectObject:115 - onAllClassAllMethod doSomething 실행 후 
2018-03-29 21:36:42 INFO  AspectObject:113 - onAllClassAllMethod printName 실행 전 
2018-03-29 21:36:42 INFO  AspectObject:96 - onDummyObjectAllMethod printName 실행 전 
2018-03-29 21:36:42 INFO  AspectObject:66 - method name printName
2018-03-29 21:36:42 INFO  AspectObject:71 - onDummyObjectPrintNameMethod printName 실행 전 
2018-03-29 21:36:42 INFO  DummyObject:23 - DummyObject => name james
2018-03-29 21:36:42 INFO  AspectObject:81 - onDummyObjectPrintNameMethod printName 실행 후 
2018-03-29 21:36:42 INFO  AspectObject:98 - onDummyObjectAllMethod printName 실행 후 
2018-03-29 21:36:42 INFO  AspectObject:115 - onAllClassAllMethod printName 실행 후 
2018-03-29 21:36:42 INFO  AspectObject:113 - onAllClassAllMethod printName 실행 전 
2018-03-29 21:36:42 INFO  AspectObject:96 - onDummyObjectAllMethod printName 실행 전 
2018-03-29 21:36:42 INFO  AspectObject:66 - method name printName
2018-03-29 21:36:42 INFO  AspectObject:71 - onDummyObjectPrintNameMethod printName 실행 전 
2018-03-29 21:36:42 INFO  AspectObject:77 - arg james dean
2018-03-29 21:36:42 INFO  DummyObject:27 - DummyObject => name 2 james dean
2018-03-29 21:36:42 INFO  AspectObject:81 - onDummyObjectPrintNameMethod printName 실행 후 
2018-03-29 21:36:42 INFO  AspectObject:98 - onDummyObjectAllMethod printName 실행 후 
2018-03-29 21:36:42 INFO  AspectObject:115 - onAllClassAllMethod printName 실행 후 
2018-03-29 21:36:42 INFO  AspectObject:113 - onAllClassAllMethod writeDelayedLog 실행 전 
2018-03-29 21:36:42 INFO  AspectObject:96 - onDummyObjectAllMethod writeDelayedLog 실행 전 
2018-03-29 21:36:45 INFO  DummyObject:33 - delayed log
2018-03-29 21:36:45 INFO  AspectObject:98 - onDummyObjectAllMethod writeDelayedLog 실행 후 
2018-03-29 21:36:45 INFO  AspectObject:115 - onAllClassAllMethod writeDelayedLog 실행 후 
2018-03-29 21:36:45 INFO  AspectObject:129 - void com.exaop.DummyObject.writeDelayedLog(String) executed in 3006 ms
2018-03-29 21:37:41 INFO  AnnotationConfigApplicationContext:582 - Refreshing org.springframework.context.annotation.AnnotationConfigApplicationContext@3108bc: startup date [Thu Mar 29 21:37:41 KST 2018]; root of context hierarchy
2018-03-29 21:37:41 INFO  XmlBeanDefinitionReader:317 - Loading XML bean definitions from class path resource [app-config.xml]
2018-03-29 21:37:43 INFO  AppLife:16 - 시작
2018-03-29 21:37:43 INFO  AspectObject:20 - Create AspectObject
2018-03-29 21:37:43 INFO  AspectObject:113 - onAllClassAllMethod someObject 실행 전 
2018-03-29 21:37:43 INFO  AspectObject:115 - onAllClassAllMethod someObject 실행 후 
2018-03-29 21:37:43 INFO  AspectObject:113 - onAllClassAllMethod doSomething 실행 전 
2018-03-29 21:37:43 INFO  AspectObject:47 - onAroundDoSomeMethod doSomething 실행 전 
2018-03-29 21:37:43 INFO  AspectObject:30 - onAroundDoSomeMethod doSomething 실행 전 
2018-03-29 21:37:43 INFO  SomeObject:11 - SomeObject => do something
2018-03-29 21:37:43 INFO  AspectObject:32 - onAroundDoSomeMethod doSomething 실행 후 
2018-03-29 21:37:43 INFO  AspectObject:49 - onAroundDoSomeMethod doSomething 실행 후 
2018-03-29 21:37:43 INFO  AspectObject:115 - onAllClassAllMethod doSomething 실행 후 
2018-03-29 21:37:43 INFO  AspectObject:113 - onAllClassAllMethod printName 실행 전 
2018-03-29 21:37:43 INFO  AspectObject:96 - onDummyObjectAllMethod printName 실행 전 
2018-03-29 21:37:43 INFO  AspectObject:66 - method name printName
2018-03-29 21:37:43 INFO  AspectObject:71 - onDummyObjectPrintNameMethod printName 실행 전 
2018-03-29 21:37:43 INFO  DummyObject:23 - DummyObject => name james
2018-03-29 21:37:43 INFO  AspectObject:81 - onDummyObjectPrintNameMethod printName 실행 후 
2018-03-29 21:37:43 INFO  AspectObject:98 - onDummyObjectAllMethod printName 실행 후 
2018-03-29 21:37:43 INFO  AspectObject:115 - onAllClassAllMethod printName 실행 후 
2018-03-29 21:37:43 INFO  AspectObject:113 - onAllClassAllMethod printName 실행 전 
2018-03-29 21:37:43 INFO  AspectObject:96 - onDummyObjectAllMethod printName 실행 전 
2018-03-29 21:37:43 INFO  AspectObject:66 - method name printName
2018-03-29 21:37:43 INFO  AspectObject:71 - onDummyObjectPrintNameMethod printName 실행 전 
2018-03-29 21:37:43 INFO  AspectObject:77 - arg james dean
2018-03-29 21:37:43 INFO  DummyObject:27 - DummyObject => name 2 james dean
2018-03-29 21:37:43 INFO  AspectObject:81 - onDummyObjectPrintNameMethod printName 실행 후 
2018-03-29 21:37:43 INFO  AspectObject:98 - onDummyObjectAllMethod printName 실행 후 
2018-03-29 21:37:43 INFO  AspectObject:115 - onAllClassAllMethod printName 실행 후 
2018-03-29 21:37:43 INFO  AspectObject:113 - onAllClassAllMethod writeDelayedLog 실행 전 
2018-03-29 21:37:43 INFO  AspectObject:96 - onDummyObjectAllMethod writeDelayedLog 실행 전 
2018-03-29 21:37:46 INFO  DummyObject:33 - delayed log
2018-03-29 21:37:46 INFO  AspectObject:98 - onDummyObjectAllMethod writeDelayedLog 실행 후 
2018-03-29 21:37:46 INFO  AspectObject:115 - onAllClassAllMethod writeDelayedLog 실행 후 
2018-03-29 21:37:46 INFO  AspectObject:129 - void com.exaop.DummyObject.writeDelayedLog(String) executed in 3002 ms
2018-03-29 21:38:39 INFO  AnnotationConfigApplicationContext:582 - Refreshing org.springframework.context.annotation.AnnotationConfigApplicationContext@3108bc: startup date [Thu Mar 29 21:38:39 KST 2018]; root of context hierarchy
2018-03-29 21:38:39 INFO  XmlBeanDefinitionReader:317 - Loading XML bean definitions from class path resource [app-config.xml]
2018-03-29 21:38:41 INFO  AppLife:17 - 시작
2018-03-29 21:38:41 INFO  AspectObject:20 - Create AspectObject
2018-03-29 21:38:41 INFO  AspectObject:113 - onAllClassAllMethod someObject 실행 전 
2018-03-29 21:38:42 INFO  AspectObject:115 - onAllClassAllMethod someObject 실행 후 
2018-03-29 21:38:42 INFO  AspectObject:113 - onAllClassAllMethod doSomething 실행 전 
2018-03-29 21:38:42 INFO  AspectObject:47 - onAroundDoSomeMethod doSomething 실행 전 
2018-03-29 21:38:42 INFO  AspectObject:30 - onAroundDoSomeMethod doSomething 실행 전 
2018-03-29 21:38:42 INFO  SomeObject:11 - SomeObject => do something
2018-03-29 21:38:42 INFO  AspectObject:32 - onAroundDoSomeMethod doSomething 실행 후 
2018-03-29 21:38:42 INFO  AspectObject:49 - onAroundDoSomeMethod doSomething 실행 후 
2018-03-29 21:38:42 INFO  AspectObject:115 - onAllClassAllMethod doSomething 실행 후 
2018-03-29 21:38:42 INFO  AspectObject:113 - onAllClassAllMethod printName 실행 전 
2018-03-29 21:38:42 INFO  AspectObject:96 - onDummyObjectAllMethod printName 실행 전 
2018-03-29 21:38:42 INFO  AspectObject:66 - method name printName
2018-03-29 21:38:42 INFO  AspectObject:71 - onDummyObjectPrintNameMethod printName 실행 전 
2018-03-29 21:38:42 INFO  DummyObject:23 - DummyObject => name james
2018-03-29 21:38:42 INFO  AspectObject:81 - onDummyObjectPrintNameMethod printName 실행 후 
2018-03-29 21:38:42 INFO  AspectObject:98 - onDummyObjectAllMethod printName 실행 후 
2018-03-29 21:38:42 INFO  AspectObject:115 - onAllClassAllMethod printName 실행 후 
2018-03-29 21:38:42 INFO  AspectObject:113 - onAllClassAllMethod printName 실행 전 
2018-03-29 21:38:42 INFO  AspectObject:96 - onDummyObjectAllMethod printName 실행 전 
2018-03-29 21:38:42 INFO  AspectObject:66 - method name printName
2018-03-29 21:38:42 INFO  AspectObject:71 - onDummyObjectPrintNameMethod printName 실행 전 
2018-03-29 21:38:42 INFO  AspectObject:77 - arg james dean
2018-03-29 21:38:42 INFO  DummyObject:27 - DummyObject => name 2 james dean
2018-03-29 21:38:42 INFO  AspectObject:81 - onDummyObjectPrintNameMethod printName 실행 후 
2018-03-29 21:38:42 INFO  AspectObject:98 - onDummyObjectAllMethod printName 실행 후 
2018-03-29 21:38:42 INFO  AspectObject:115 - onAllClassAllMethod printName 실행 후 
2018-03-29 21:38:42 INFO  AspectObject:113 - onAllClassAllMethod writeDelayedLog 실행 전 
2018-03-29 21:38:42 INFO  AspectObject:96 - onDummyObjectAllMethod writeDelayedLog 실행 전 
2018-03-29 21:38:45 INFO  DummyObject:33 - delayed log
2018-03-29 21:38:45 INFO  AspectObject:98 - onDummyObjectAllMethod writeDelayedLog 실행 후 
2018-03-29 21:38:45 INFO  AspectObject:115 - onAllClassAllMethod writeDelayedLog 실행 후 
2018-03-29 21:38:45 INFO  AspectObject:129 - void com.exaop.DummyObject.writeDelayedLog(String) executed in 3004 ms
2018-03-29 21:39:26 INFO  AnnotationConfigApplicationContext:582 - Refreshing org.springframework.context.annotation.AnnotationConfigApplicationContext@3108bc: startup date [Thu Mar 29 21:39:26 KST 2018]; root of context hierarchy
2018-03-29 21:39:26 INFO  XmlBeanDefinitionReader:317 - Loading XML bean definitions from class path resource [app-config.xml]
2018-03-29 21:39:27 INFO  AppLife:17 - 시작
2018-03-29 21:39:27 INFO  AspectObject:20 - Create AspectObject
2018-03-29 21:39:27 INFO  AspectObject:113 - onAllClassAllMethod someObject 실행 전 
2018-03-29 21:39:27 INFO  AspectObject:115 - onAllClassAllMethod someObject 실행 후 
2018-03-29 21:39:27 INFO  AspectObject:113 - onAllClassAllMethod doSomething 실행 전 
2018-03-29 21:39:27 INFO  AspectObject:47 - onAroundDoSomeMethod doSomething 실행 전 
2018-03-29 21:39:27 INFO  AspectObject:30 - onAroundDoSomeMethod doSomething 실행 전 
2018-03-29 21:39:27 INFO  SomeObject:11 - SomeObject => do something
2018-03-29 21:39:27 INFO  AspectObject:32 - onAroundDoSomeMethod doSomething 실행 후 
2018-03-29 21:39:27 INFO  AspectObject:49 - onAroundDoSomeMethod doSomething 실행 후 
2018-03-29 21:39:27 INFO  AspectObject:115 - onAllClassAllMethod doSomething 실행 후 
2018-03-29 21:39:27 INFO  AspectObject:113 - onAllClassAllMethod printName 실행 전 
2018-03-29 21:39:27 INFO  AspectObject:96 - onDummyObjectAllMethod printName 실행 전 
2018-03-29 21:39:27 INFO  AspectObject:66 - method name printName
2018-03-29 21:39:27 INFO  AspectObject:71 - onDummyObjectPrintNameMethod printName 실행 전 
2018-03-29 21:39:27 INFO  DummyObject:23 - DummyObject => name james
2018-03-29 21:39:27 INFO  AspectObject:81 - onDummyObjectPrintNameMethod printName 실행 후 
2018-03-29 21:39:27 INFO  AspectObject:98 - onDummyObjectAllMethod printName 실행 후 
2018-03-29 21:39:27 INFO  AspectObject:115 - onAllClassAllMethod printName 실행 후 
2018-03-29 21:39:27 INFO  AspectObject:113 - onAllClassAllMethod printName 실행 전 
2018-03-29 21:39:27 INFO  AspectObject:96 - onDummyObjectAllMethod printName 실행 전 
2018-03-29 21:39:27 INFO  AspectObject:66 - method name printName
2018-03-29 21:39:27 INFO  AspectObject:71 - onDummyObjectPrintNameMethod printName 실행 전 
2018-03-29 21:39:27 INFO  AspectObject:77 - arg james dean
2018-03-29 21:39:27 INFO  DummyObject:27 - DummyObject => name 2 james dean
2018-03-29 21:39:27 INFO  AspectObject:81 - onDummyObjectPrintNameMethod printName 실행 후 
2018-03-29 21:39:27 INFO  AspectObject:98 - onDummyObjectAllMethod printName 실행 후 
2018-03-29 21:39:27 INFO  AspectObject:115 - onAllClassAllMethod printName 실행 후 
2018-03-29 21:39:27 INFO  AspectObject:113 - onAllClassAllMethod writeDelayedLog 실행 전 
2018-03-29 21:39:27 INFO  AspectObject:96 - onDummyObjectAllMethod writeDelayedLog 실행 전 
2018-03-29 21:39:30 INFO  DummyObject:33 - delayed log
2018-03-29 21:39:30 INFO  AspectObject:98 - onDummyObjectAllMethod writeDelayedLog 실행 후 
2018-03-29 21:39:30 INFO  AspectObject:115 - onAllClassAllMethod writeDelayedLog 실행 후 
2018-03-29 21:39:30 INFO  AspectObject:129 - void com.exaop.DummyObject.writeDelayedLog(String) executed in 3007 ms
2018-03-29 21:40:15 INFO  AnnotationConfigApplicationContext:582 - Refreshing org.springframework.context.annotation.AnnotationConfigApplicationContext@3108bc: startup date [Thu Mar 29 21:40:15 KST 2018]; root of context hierarchy
2018-03-29 21:40:15 INFO  XmlBeanDefinitionReader:317 - Loading XML bean definitions from class path resource [app-config.xml]
2018-03-29 21:40:17 INFO  AppLife:17 - 시작
2018-03-29 21:40:17 INFO  AspectObject:20 - Create AspectObject
2018-03-29 21:40:17 INFO  AspectObject:113 - onAllClassAllMethod someObject 실행 전 
2018-03-29 21:40:17 INFO  AspectObject:115 - onAllClassAllMethod someObject 실행 후 
2018-03-29 21:40:17 INFO  AspectObject:113 - onAllClassAllMethod doSomething 실행 전 
2018-03-29 21:40:17 INFO  AspectObject:47 - onAroundDoSomeMethod doSomething 실행 전 
2018-03-29 21:40:17 INFO  AspectObject:30 - onAroundDoSomeMethod doSomething 실행 전 
2018-03-29 21:40:17 INFO  SomeObject:11 - SomeObject => do something
2018-03-29 21:40:17 INFO  AspectObject:32 - onAroundDoSomeMethod doSomething 실행 후 
2018-03-29 21:40:17 INFO  AspectObject:49 - onAroundDoSomeMethod doSomething 실행 후 
2018-03-29 21:40:17 INFO  AspectObject:115 - onAllClassAllMethod doSomething 실행 후 
2018-03-29 21:40:17 INFO  AspectObject:113 - onAllClassAllMethod printName 실행 전 
2018-03-29 21:40:17 INFO  AspectObject:96 - onDummyObjectAllMethod printName 실행 전 
2018-03-29 21:40:17 INFO  AspectObject:66 - method name printName
2018-03-29 21:40:17 INFO  AspectObject:71 - onDummyObjectPrintNameMethod printName 실행 전 
2018-03-29 21:40:17 INFO  DummyObject:23 - DummyObject => name james
2018-03-29 21:40:17 INFO  AspectObject:81 - onDummyObjectPrintNameMethod printName 실행 후 
2018-03-29 21:40:17 INFO  AspectObject:98 - onDummyObjectAllMethod printName 실행 후 
2018-03-29 21:40:17 INFO  AspectObject:115 - onAllClassAllMethod printName 실행 후 
2018-03-29 21:40:17 INFO  AspectObject:113 - onAllClassAllMethod printName 실행 전 
2018-03-29 21:40:17 INFO  AspectObject:96 - onDummyObjectAllMethod printName 실행 전 
2018-03-29 21:40:17 INFO  AspectObject:66 - method name printName
2018-03-29 21:40:17 INFO  AspectObject:71 - onDummyObjectPrintNameMethod printName 실행 전 
2018-03-29 21:40:17 INFO  AspectObject:77 - arg james dean
2018-03-29 21:40:17 INFO  DummyObject:27 - DummyObject => name 2 james dean
2018-03-29 21:40:17 INFO  AspectObject:81 - onDummyObjectPrintNameMethod printName 실행 후 
2018-03-29 21:40:17 INFO  AspectObject:98 - onDummyObjectAllMethod printName 실행 후 
2018-03-29 21:40:17 INFO  AspectObject:115 - onAllClassAllMethod printName 실행 후 
2018-03-29 21:40:17 INFO  AspectObject:113 - onAllClassAllMethod writeDelayedLog 실행 전 
2018-03-29 21:40:17 INFO  AspectObject:96 - onDummyObjectAllMethod writeDelayedLog 실행 전 
2018-03-29 21:40:20 INFO  DummyObject:33 - delayed log
2018-03-29 21:40:20 INFO  AspectObject:98 - onDummyObjectAllMethod writeDelayedLog 실행 후 
2018-03-29 21:40:20 INFO  AspectObject:115 - onAllClassAllMethod writeDelayedLog 실행 후 
2018-03-29 21:40:20 INFO  AspectObject:129 - void com.exaop.DummyObject.writeDelayedLog(String) executed in 3003 ms
2018-03-29 21:43:04 INFO  AnnotationConfigApplicationContext:582 - Refreshing org.springframework.context.annotation.AnnotationConfigApplicationContext@3108bc: startup date [Thu Mar 29 21:43:04 KST 2018]; root of context hierarchy
2018-03-29 21:43:04 INFO  XmlBeanDefinitionReader:317 - Loading XML bean definitions from class path resource [app-config.xml]
2018-03-29 21:43:06 INFO  AspectObject:20 - Create AspectObject
2018-03-29 21:43:06 INFO  AspectObject:113 - onAllClassAllMethod someObject 실행 전 
2018-03-29 21:43:06 INFO  AspectObject:115 - onAllClassAllMethod someObject 실행 후 
2018-03-29 21:43:06 INFO  AspectObject:113 - onAllClassAllMethod appLife 실행 전 
2018-03-29 21:43:06 INFO  AppLife:16 - 시작
2018-03-29 21:43:06 INFO  AspectObject:115 - onAllClassAllMethod appLife 실행 후 
2018-03-29 21:43:06 INFO  AspectObject:113 - onAllClassAllMethod doSomething 실행 전 
2018-03-29 21:43:06 INFO  AspectObject:47 - onAroundDoSomeMethod doSomething 실행 전 
2018-03-29 21:43:06 INFO  AspectObject:30 - onAroundDoSomeMethod doSomething 실행 전 
2018-03-29 21:43:06 INFO  SomeObject:11 - SomeObject => do something
2018-03-29 21:43:06 INFO  AspectObject:32 - onAroundDoSomeMethod doSomething 실행 후 
2018-03-29 21:43:06 INFO  AspectObject:49 - onAroundDoSomeMethod doSomething 실행 후 
2018-03-29 21:43:06 INFO  AspectObject:115 - onAllClassAllMethod doSomething 실행 후 
2018-03-29 21:43:06 INFO  AspectObject:113 - onAllClassAllMethod printName 실행 전 
2018-03-29 21:43:06 INFO  AspectObject:96 - onDummyObjectAllMethod printName 실행 전 
2018-03-29 21:43:06 INFO  AspectObject:66 - method name printName
2018-03-29 21:43:06 INFO  AspectObject:71 - onDummyObjectPrintNameMethod printName 실행 전 
2018-03-29 21:43:06 INFO  DummyObject:23 - DummyObject => name james
2018-03-29 21:43:06 INFO  AspectObject:81 - onDummyObjectPrintNameMethod printName 실행 후 
2018-03-29 21:43:06 INFO  AspectObject:98 - onDummyObjectAllMethod printName 실행 후 
2018-03-29 21:43:06 INFO  AspectObject:115 - onAllClassAllMethod printName 실행 후 
2018-03-29 21:43:06 INFO  AspectObject:113 - onAllClassAllMethod printName 실행 전 
2018-03-29 21:43:06 INFO  AspectObject:96 - onDummyObjectAllMethod printName 실행 전 
2018-03-29 21:43:06 INFO  AspectObject:66 - method name printName
2018-03-29 21:43:06 INFO  AspectObject:71 - onDummyObjectPrintNameMethod printName 실행 전 
2018-03-29 21:43:06 INFO  AspectObject:77 - arg james dean
2018-03-29 21:43:06 INFO  DummyObject:27 - DummyObject => name 2 james dean
2018-03-29 21:43:06 INFO  AspectObject:81 - onDummyObjectPrintNameMethod printName 실행 후 
2018-03-29 21:43:06 INFO  AspectObject:98 - onDummyObjectAllMethod printName 실행 후 
2018-03-29 21:43:06 INFO  AspectObject:115 - onAllClassAllMethod printName 실행 후 
2018-03-29 21:43:06 INFO  AspectObject:113 - onAllClassAllMethod writeDelayedLog 실행 전 
2018-03-29 21:43:06 INFO  AspectObject:96 - onDummyObjectAllMethod writeDelayedLog 실행 전 
2018-03-29 21:43:09 INFO  DummyObject:33 - delayed log
2018-03-29 21:43:09 INFO  AspectObject:98 - onDummyObjectAllMethod writeDelayedLog 실행 후 
2018-03-29 21:43:09 INFO  AspectObject:115 - onAllClassAllMethod writeDelayedLog 실행 후 
2018-03-29 21:43:09 INFO  AspectObject:129 - void com.exaop.DummyObject.writeDelayedLog(String) executed in 3004 ms
2018-03-29 21:43:40 INFO  AnnotationConfigApplicationContext:582 - Refreshing org.springframework.context.annotation.AnnotationConfigApplicationContext@3108bc: startup date [Thu Mar 29 21:43:40 KST 2018]; root of context hierarchy
2018-03-29 21:43:40 INFO  XmlBeanDefinitionReader:317 - Loading XML bean definitions from class path resource [app-config.xml]
2018-03-29 21:43:41 INFO  AspectObject:20 - Create AspectObject
2018-03-29 21:43:41 INFO  AspectObject:113 - onAllClassAllMethod someObject 실행 전 
2018-03-29 21:43:41 INFO  AspectObject:115 - onAllClassAllMethod someObject 실행 후 
2018-03-29 21:43:41 INFO  AspectObject:113 - onAllClassAllMethod appLife 실행 전 
2018-03-29 21:43:42 INFO  AppLife:16 - 시작
2018-03-29 21:43:42 INFO  AspectObject:115 - onAllClassAllMethod appLife 실행 후 
2018-03-29 21:43:42 INFO  AspectObject:113 - onAllClassAllMethod doSomething 실행 전 
2018-03-29 21:43:42 INFO  AspectObject:47 - onAroundDoSomeMethod doSomething 실행 전 
2018-03-29 21:43:42 INFO  AspectObject:30 - onAroundDoSomeMethod doSomething 실행 전 
2018-03-29 21:43:42 INFO  SomeObject:11 - SomeObject => do something
2018-03-29 21:43:42 INFO  AspectObject:32 - onAroundDoSomeMethod doSomething 실행 후 
2018-03-29 21:43:42 INFO  AspectObject:49 - onAroundDoSomeMethod doSomething 실행 후 
2018-03-29 21:43:42 INFO  AspectObject:115 - onAllClassAllMethod doSomething 실행 후 
2018-03-29 21:43:42 INFO  AspectObject:113 - onAllClassAllMethod printName 실행 전 
2018-03-29 21:43:42 INFO  AspectObject:96 - onDummyObjectAllMethod printName 실행 전 
2018-03-29 21:43:42 INFO  AspectObject:66 - method name printName
2018-03-29 21:43:42 INFO  AspectObject:71 - onDummyObjectPrintNameMethod printName 실행 전 
2018-03-29 21:43:42 INFO  DummyObject:23 - DummyObject => name james
2018-03-29 21:43:42 INFO  AspectObject:81 - onDummyObjectPrintNameMethod printName 실행 후 
2018-03-29 21:43:42 INFO  AspectObject:98 - onDummyObjectAllMethod printName 실행 후 
2018-03-29 21:43:42 INFO  AspectObject:115 - onAllClassAllMethod printName 실행 후 
2018-03-29 21:43:42 INFO  AspectObject:113 - onAllClassAllMethod printName 실행 전 
2018-03-29 21:43:42 INFO  AspectObject:96 - onDummyObjectAllMethod printName 실행 전 
2018-03-29 21:43:42 INFO  AspectObject:66 - method name printName
2018-03-29 21:43:42 INFO  AspectObject:71 - onDummyObjectPrintNameMethod printName 실행 전 
2018-03-29 21:43:42 INFO  AspectObject:77 - arg james dean
2018-03-29 21:43:42 INFO  DummyObject:27 - DummyObject => name 2 james dean
2018-03-29 21:43:42 INFO  AspectObject:81 - onDummyObjectPrintNameMethod printName 실행 후 
2018-03-29 21:43:42 INFO  AspectObject:98 - onDummyObjectAllMethod printName 실행 후 
2018-03-29 21:43:42 INFO  AspectObject:115 - onAllClassAllMethod printName 실행 후 
2018-03-29 21:43:42 INFO  AspectObject:113 - onAllClassAllMethod writeDelayedLog 실행 전 
2018-03-29 21:43:42 INFO  AspectObject:96 - onDummyObjectAllMethod writeDelayedLog 실행 전 
2018-03-29 21:43:45 INFO  DummyObject:33 - delayed log
2018-03-29 21:43:45 INFO  AspectObject:98 - onDummyObjectAllMethod writeDelayedLog 실행 후 
2018-03-29 21:43:45 INFO  AspectObject:115 - onAllClassAllMethod writeDelayedLog 실행 후 
2018-03-29 21:43:45 INFO  AspectObject:129 - void com.exaop.DummyObject.writeDelayedLog(String) executed in 3004 ms
2018-03-29 21:43:45 INFO  AnnotationConfigApplicationContext:987 - Closing org.springframework.context.annotation.AnnotationConfigApplicationContext@3108bc: startup date [Thu Mar 29 21:43:40 KST 2018]; root of context hierarchy
2018-03-29 21:43:45 INFO  DummyObject:37 - DummyObject => close
2018-03-29 21:43:47 INFO  AppLife:22 - 종료 경과시간 00:00:03.202
2018-03-29 21:44:12 INFO  AnnotationConfigApplicationContext:582 - Refreshing org.springframework.context.annotation.AnnotationConfigApplicationContext@3108bc: startup date [Thu Mar 29 21:44:12 KST 2018]; root of context hierarchy
2018-03-29 21:44:12 INFO  XmlBeanDefinitionReader:317 - Loading XML bean definitions from class path resource [app-config.xml]
2018-03-29 21:44:13 INFO  AppLife:17 - 시작
2018-03-29 21:44:13 INFO  AspectObject:20 - Create AspectObject
2018-03-29 21:44:14 INFO  AspectObject:113 - onAllClassAllMethod someObject 실행 전 
2018-03-29 21:44:14 INFO  AspectObject:115 - onAllClassAllMethod someObject 실행 후 
2018-03-29 21:44:14 INFO  AspectObject:113 - onAllClassAllMethod doSomething 실행 전 
2018-03-29 21:44:14 INFO  AspectObject:47 - onAroundDoSomeMethod doSomething 실행 전 
2018-03-29 21:44:14 INFO  AspectObject:30 - onAroundDoSomeMethod doSomething 실행 전 
2018-03-29 21:44:14 INFO  SomeObject:11 - SomeObject => do something
2018-03-29 21:44:14 INFO  AspectObject:32 - onAroundDoSomeMethod doSomething 실행 후 
2018-03-29 21:44:14 INFO  AspectObject:49 - onAroundDoSomeMethod doSomething 실행 후 
2018-03-29 21:44:14 INFO  AspectObject:115 - onAllClassAllMethod doSomething 실행 후 
2018-03-29 21:44:14 INFO  AspectObject:113 - onAllClassAllMethod printName 실행 전 
2018-03-29 21:44:14 INFO  AspectObject:96 - onDummyObjectAllMethod printName 실행 전 
2018-03-29 21:44:14 INFO  AspectObject:66 - method name printName
2018-03-29 21:44:14 INFO  AspectObject:71 - onDummyObjectPrintNameMethod printName 실행 전 
2018-03-29 21:44:14 INFO  DummyObject:23 - DummyObject => name james
2018-03-29 21:44:14 INFO  AspectObject:81 - onDummyObjectPrintNameMethod printName 실행 후 
2018-03-29 21:44:14 INFO  AspectObject:98 - onDummyObjectAllMethod printName 실행 후 
2018-03-29 21:44:14 INFO  AspectObject:115 - onAllClassAllMethod printName 실행 후 
2018-03-29 21:44:14 INFO  AspectObject:113 - onAllClassAllMethod printName 실행 전 
2018-03-29 21:44:14 INFO  AspectObject:96 - onDummyObjectAllMethod printName 실행 전 
2018-03-29 21:44:14 INFO  AspectObject:66 - method name printName
2018-03-29 21:44:14 INFO  AspectObject:71 - onDummyObjectPrintNameMethod printName 실행 전 
2018-03-29 21:44:14 INFO  AspectObject:77 - arg james dean
2018-03-29 21:44:14 INFO  DummyObject:27 - DummyObject => name 2 james dean
2018-03-29 21:44:14 INFO  AspectObject:81 - onDummyObjectPrintNameMethod printName 실행 후 
2018-03-29 21:44:14 INFO  AspectObject:98 - onDummyObjectAllMethod printName 실행 후 
2018-03-29 21:44:14 INFO  AspectObject:115 - onAllClassAllMethod printName 실행 후 
2018-03-29 21:44:14 INFO  AspectObject:113 - onAllClassAllMethod writeDelayedLog 실행 전 
2018-03-29 21:44:14 INFO  AspectObject:96 - onDummyObjectAllMethod writeDelayedLog 실행 전 
2018-03-29 21:44:17 INFO  DummyObject:33 - delayed log
2018-03-29 21:44:17 INFO  AspectObject:98 - onDummyObjectAllMethod writeDelayedLog 실행 후 
2018-03-29 21:44:17 INFO  AspectObject:115 - onAllClassAllMethod writeDelayedLog 실행 후 
2018-03-29 21:44:17 INFO  AspectObject:129 - void com.exaop.DummyObject.writeDelayedLog(String) executed in 3002 ms
2018-03-29 21:44:17 INFO  AnnotationConfigApplicationContext:987 - Closing org.springframework.context.annotation.AnnotationConfigApplicationContext@3108bc: startup date [Thu Mar 29 21:44:12 KST 2018]; root of context hierarchy
2018-03-29 21:44:17 INFO  DummyObject:37 - DummyObject => close
2018-03-29 21:44:17 INFO  AppLife:23 - 종료 경과시간 00:00:03.394
